{"level":"info","message":"DB conectada"}
{"level":"info","message":"DB conectada"}
{"level":"info","message":"DB conectada"}
{"level":"info","message":"DB conectada"}
{"level":"info","message":"DB conectada"}
{"level":"info","message":"DB conectada"}
{"level":"info","message":"DB conectada"}
{"level":"info","message":"DB conectada"}
{"level":"info","message":"DB conectada"}
{"level":"info","message":"DB conectada"}
{"level":"info","message":"DB conectada"}
{"level":"info","message":"DB conectada"}
{"level":"info","message":"DB conectada"}
{"level":"info","message":"DB conectada"}
{"level":"info","message":"DB conectada"}
{"level":"info","message":"DB conectada"}
{"level":"info","message":"DB desconectada"}
{"level":"info","message":"DB conectada"}
{"level":"info","message":"DB conectada"}
{"level":"info","message":"DB desconectada"}
{"level":"info","message":"DB conectada"}
{"level":"info","message":"DB desconectada"}
{"level":"info","message":"DB conectada"}
{"level":"info","message":"DB desconectada"}
{"level":"info","message":"DB conectada"}
{"level":"info","message":"DB desconectada"}
{"level":"info","message":"DB conectada"}
{"level":"info","message":"DB desconectada"}
{"level":"info","message":"DB conectada"}
{"level":"info","message":"DB desconectada"}
{"level":"info","message":"DB conectada"}
{"level":"info","message":"DB desconectada"}
{"level":"info","message":"DB conectada"}
{"level":"info","message":"DB desconectada"}
{"level":"info","message":"DB conectada"}
{"level":"info","message":"DB desconectada"}
{"level":"info","message":"DB conectada"}
{"level":"info","message":"DB desconectada"}
{"level":"info","message":"DB conectada"}
{"level":"info","message":"DB desconectada"}
{"level":"info","message":"DB conectada"}
{"level":"info","message":"DB desconectada"}
{"level":"info","message":"DB conectada"}
{"level":"info","message":"DB desconectada"}
{"level":"info","message":"DB conectada"}
{"level":"info","message":"DB desconectada"}
{"level":"info","message":"DB conectada"}
{"level":"info","message":"DB desconectada"}
{"level":"info","message":"DB conectada"}
{"level":"info","message":"DB desconectada"}
{"level":"info","message":"DB conectada"}
{"level":"info","message":"DB conectada"}
{"level":"info","message":"DB desconectada"}
{"level":"info","message":"DB conectada"}
{"level":"info","message":"DB conectada"}
{"level":"info","message":"DB desconectada"}
{"level":"info","message":"DB conectada"}
{"level":"info","message":"DB desconectada"}
{"level":"info","message":"DB conectada"}
{"level":"info","message":"DB desconectada"}
{"level":"info","message":"DB conectada"}
{"level":"info","message":"DB desconectada"}
{"level":"info","message":"DB conectada"}
{"level":"info","message":"DB conectada"}
{"level":"info","message":"DB desconectada"}
{"level":"info","message":"DB conectada"}
{"level":"info","message":"DB desconectada"}
{"level":"info","message":"DB conectada"}
{"level":"info","message":"DB desconectada"}
{"level":"info","message":"DB conectada"}
{"level":"info","message":"DB desconectada"}
{"level":"info","message":"DB conectada"}
{"level":"info","message":"DB desconectada"}
{"level":"info","message":"DB conectada"}
{"level":"info","message":"DB desconectada"}
{"level":"info","message":"DB conectada"}
{"level":"info","message":"DB desconectada"}
{"level":"info","message":"DB conectada"}
{"level":"info","message":"DB desconectada"}
{"level":"info","message":"DB conectada"}
{"level":"info","message":"DB desconectada"}
{"level":"info","message":"DB conectada"}
{"level":"info","message":"DB desconectada"}
{"level":"info","message":"DB conectada"}
{"level":"info","message":{"email":"admin","first_name":"admin","last_name":"admin","rol":"admin","token":"eyJhbGciOiJIUzI1NiIsInR5cCI6IkpXVCJ9.eyJlbWFpbCI6ImFkbWluIiwiZmlyc3RfbmFtZSI6ImFkbWluIiwibGFzdF9uYW1lIjoiYWRtaW4iLCJyb2wiOiJhZG1pbiIsImlhdCI6MTcxMDc5Mjg4NiwiZXhwIjoxNzEwODc5Mjg2fQ.Mb4wQFhH34EBHTO1YdHDG8XT8WvME14nGhgolRIqul0"}}
{"level":"info","message":"DB conectada"}
{"level":"info","message":"DB desconectada"}
{"level":"info","message":"DB conectada"}
{"level":"info","message":"DB desconectada"}
{"level":"info","message":"DB conectada"}
{"level":"info","message":"DB desconectada"}
{"level":"info","message":"DB conectada"}
{"level":"info","message":"DB desconectada"}
{"level":"info","message":"DB conectada"}
{"level":"info","message":"DB desconectada"}
{"level":"info","message":"DB conectada"}
{"level":"info","message":"DB desconectada"}
{"level":"info","message":"DB conectada"}
{"level":"info","message":"DB desconectada"}
{"level":"info","message":"DB conectada"}
{"level":"info","message":"DB desconectada"}
{"level":"info","message":"DB conectada"}
{"level":"info","message":"DB desconectada"}
{"level":"info","message":"DB conectada"}
{"level":"info","message":{"email":"admin","first_name":"admin","last_name":"admin","rol":"admin","token":"eyJhbGciOiJIUzI1NiIsInR5cCI6IkpXVCJ9.eyJlbWFpbCI6ImFkbWluIiwiZmlyc3RfbmFtZSI6ImFkbWluIiwibGFzdF9uYW1lIjoiYWRtaW4iLCJyb2wiOiJhZG1pbiIsImlhdCI6MTcxMDc5MzI4MywiZXhwIjoxNzEwODc5NjgzfQ.Beuf_PR2HVfEhv89T4saFewwWWjAjkKMNTHCqI4I4TI"}}
{"level":"info","message":"DB conectada"}
{"level":"info","message":"DB desconectada"}
{"level":"info","message":"DB conectada"}
{"level":"info","message":"DB desconectada"}
{"level":"info","message":"DB conectada"}
{"level":"info","message":"DB desconectada"}
{"level":"info","message":"DB conectada"}
{"level":"info","message":"DB desconectada"}
{"level":"info","message":"DB conectada"}
{"level":"info","message":"DB desconectada"}
{"level":"info","message":"DB conectada"}
{"level":"info","message":"DB desconectada"}
{"level":"info","message":"DB conectada"}
{"level":"info","message":"DB desconectada"}
{"level":"info","message":"DB conectada"}
{"level":"info","message":"DB desconectada"}
{"level":"info","message":"DB conectada"}
{"level":"info","message":"DB desconectada"}
{"level":"info","message":"DB conectada"}
{"level":"info","message":"DB desconectada"}
{"level":"info","message":"DB conectada"}
{"level":"info","message":"DB desconectada"}
{"level":"info","message":"DB conectada"}
{"level":"info","message":"DB desconectada"}
{"level":"info","message":"DB conectada"}
{"level":"info","message":"DB desconectada"}
{"level":"info","message":"DB conectada"}
{"level":"info","message":"DB desconectada"}
{"level":"info","message":"DB conectada"}
{"level":"info","message":{"email":"admin","first_name":"admin","last_name":"admin","rol":"admin","token":"eyJhbGciOiJIUzI1NiIsInR5cCI6IkpXVCJ9.eyJlbWFpbCI6ImFkbWluIiwiZmlyc3RfbmFtZSI6ImFkbWluIiwibGFzdF9uYW1lIjoiYWRtaW4iLCJyb2wiOiJhZG1pbiIsImlhdCI6MTcxMDc5MzY5MSwiZXhwIjoxNzEwODgwMDkxfQ.Y6cVBYDHUwCx-8iBsabc02Y06FFycdcbvhlBdw2jDrs"}}
{"level":"info","message":"DB desconectada"}
{"level":"info","message":"DB conectada"}
{"level":"info","message":"DB desconectada"}
{"level":"info","message":"DB conectada"}
{"level":"info","message":"DB desconectada"}
{"level":"info","message":"DB conectada"}
{"level":"info","message":{"email":"admin","first_name":"admin","last_name":"admin","rol":"admin","token":"eyJhbGciOiJIUzI1NiIsInR5cCI6IkpXVCJ9.eyJlbWFpbCI6ImFkbWluIiwiZmlyc3RfbmFtZSI6ImFkbWluIiwibGFzdF9uYW1lIjoiYWRtaW4iLCJyb2wiOiJhZG1pbiIsImlhdCI6MTcxMDc5MzkwMSwiZXhwIjoxNzEwODgwMzAxfQ.CBIYLO7kuIf2ca_SnKsOHUHZ2Le7XXnRvSpWQi6z0bM"}}
{"level":"info","message":{"email":"admin","first_name":"admin","last_name":"admin","rol":"admin","token":"eyJhbGciOiJIUzI1NiIsInR5cCI6IkpXVCJ9.eyJlbWFpbCI6ImFkbWluIiwiZmlyc3RfbmFtZSI6ImFkbWluIiwibGFzdF9uYW1lIjoiYWRtaW4iLCJyb2wiOiJhZG1pbiIsImlhdCI6MTcxMDc5MzkwMSwiZXhwIjoxNzEwODgwMzAxfQ.CBIYLO7kuIf2ca_SnKsOHUHZ2Le7XXnRvSpWQi6z0bM"}}
{"level":"info","message":"DB desconectada"}
{"level":"info","message":"DB conectada"}
{"level":"info","message":"DB desconectada"}
{"level":"info","message":"DB conectada"}
{"level":"info","message":"DB desconectada"}
{"level":"info","message":"DB conectada"}
{"level":"info","message":{"email":"admin","first_name":"admin","last_name":"admin","rol":"admin","token":"eyJhbGciOiJIUzI1NiIsInR5cCI6IkpXVCJ9.eyJlbWFpbCI6ImFkbWluIiwiZmlyc3RfbmFtZSI6ImFkbWluIiwibGFzdF9uYW1lIjoiYWRtaW4iLCJyb2wiOiJhZG1pbiIsImlhdCI6MTcxMDc5Mzk4NCwiZXhwIjoxNzEwODgwMzg0fQ.LuI4N_LbQd1YNwIhd3LruAzLJXokT_PS1iMetnepPY0"}}
{"level":"info","message":{"email":"admin","first_name":"admin","last_name":"admin","rol":"admin","token":"eyJhbGciOiJIUzI1NiIsInR5cCI6IkpXVCJ9.eyJlbWFpbCI6ImFkbWluIiwiZmlyc3RfbmFtZSI6ImFkbWluIiwibGFzdF9uYW1lIjoiYWRtaW4iLCJyb2wiOiJhZG1pbiIsImlhdCI6MTcxMDc5Mzk4NCwiZXhwIjoxNzEwODgwMzg0fQ.LuI4N_LbQd1YNwIhd3LruAzLJXokT_PS1iMetnepPY0"}}
{"level":"info","message":"DB desconectada"}
{"level":"info","message":"DB conectada"}
{"level":"info","message":"DB desconectada"}
{"level":"info","message":"DB conectada"}
{"level":"info","message":"DB desconectada"}
{"level":"info","message":"DB conectada"}
{"level":"info","message":{"email":"admin","first_name":"admin","last_name":"admin","rol":"admin","token":"eyJhbGciOiJIUzI1NiIsInR5cCI6IkpXVCJ9.eyJlbWFpbCI6ImFkbWluIiwiZmlyc3RfbmFtZSI6ImFkbWluIiwibGFzdF9uYW1lIjoiYWRtaW4iLCJyb2wiOiJhZG1pbiIsImlhdCI6MTcxMDc5NDUxNywiZXhwIjoxNzEwODgwOTE3fQ.2Or5hHO0uqEiJp79nFqzCQFtI1_Luox17WTfpnXOH-Y"}}
{"level":"info","message":{"email":"admin","first_name":"admin","last_name":"admin","rol":"admin","token":"eyJhbGciOiJIUzI1NiIsInR5cCI6IkpXVCJ9.eyJlbWFpbCI6ImFkbWluIiwiZmlyc3RfbmFtZSI6ImFkbWluIiwibGFzdF9uYW1lIjoiYWRtaW4iLCJyb2wiOiJhZG1pbiIsImlhdCI6MTcxMDc5NDUxNywiZXhwIjoxNzEwODgwOTE3fQ.2Or5hHO0uqEiJp79nFqzCQFtI1_Luox17WTfpnXOH-Y"}}
{"level":"info","message":"DB desconectada"}
{"level":"info","message":"DB conectada"}
{"level":"info","message":"DB desconectada"}
{"level":"info","message":"DB conectada"}
{"level":"info","message":"DB desconectada"}
{"level":"info","message":"DB conectada"}
{"level":"info","message":{"email":"admin","first_name":"admin","last_name":"admin","rol":"admin","token":"eyJhbGciOiJIUzI1NiIsInR5cCI6IkpXVCJ9.eyJlbWFpbCI6ImFkbWluIiwiZmlyc3RfbmFtZSI6ImFkbWluIiwibGFzdF9uYW1lIjoiYWRtaW4iLCJyb2wiOiJhZG1pbiIsImlhdCI6MTcxMDc5NDYyOSwiZXhwIjoxNzEwODgxMDI5fQ.VllEWp-GW3FHQED-svyKvlLq0OrmM0IXOWhUBKiXc8k"}}
{"level":"info","message":{"email":"admin","first_name":"admin","last_name":"admin","rol":"admin","token":"eyJhbGciOiJIUzI1NiIsInR5cCI6IkpXVCJ9.eyJlbWFpbCI6ImFkbWluIiwiZmlyc3RfbmFtZSI6ImFkbWluIiwibGFzdF9uYW1lIjoiYWRtaW4iLCJyb2wiOiJhZG1pbiIsImlhdCI6MTcxMDc5NDYyOSwiZXhwIjoxNzEwODgxMDI5fQ.VllEWp-GW3FHQED-svyKvlLq0OrmM0IXOWhUBKiXc8k"}}
{"level":"info","message":"DB desconectada"}
{"level":"info","message":"DB conectada"}
{"level":"info","message":"DB desconectada"}
{"level":"info","message":"DB conectada"}
{"level":"info","message":"DB desconectada"}
{"level":"info","message":"DB conectada"}
{"level":"info","message":{"email":"admin","first_name":"admin","last_name":"admin","rol":"admin","token":"eyJhbGciOiJIUzI1NiIsInR5cCI6IkpXVCJ9.eyJlbWFpbCI6ImFkbWluIiwiZmlyc3RfbmFtZSI6ImFkbWluIiwibGFzdF9uYW1lIjoiYWRtaW4iLCJyb2wiOiJhZG1pbiIsImlhdCI6MTcxMDc5NDY4OSwiZXhwIjoxNzEwODgxMDg5fQ.PxleGWGjXzOH0fiHkMFAFusfbQZ3lQNLnAsAgrzTcvI"}}
{"level":"info","message":{"email":"admin","first_name":"admin","last_name":"admin","rol":"admin","token":"eyJhbGciOiJIUzI1NiIsInR5cCI6IkpXVCJ9.eyJlbWFpbCI6ImFkbWluIiwiZmlyc3RfbmFtZSI6ImFkbWluIiwibGFzdF9uYW1lIjoiYWRtaW4iLCJyb2wiOiJhZG1pbiIsImlhdCI6MTcxMDc5NDY4OSwiZXhwIjoxNzEwODgxMDg5fQ.PxleGWGjXzOH0fiHkMFAFusfbQZ3lQNLnAsAgrzTcvI"}}
{"level":"info","message":"DB desconectada"}
{"level":"info","message":"DB conectada"}
{"level":"info","message":"DB desconectada"}
{"level":"info","message":"DB conectada"}
{"level":"info","message":"DB desconectada"}
{"level":"info","message":"DB conectada"}
{"level":"info","message":{"email":"admin","first_name":"admin","last_name":"admin","rol":"admin","token":"eyJhbGciOiJIUzI1NiIsInR5cCI6IkpXVCJ9.eyJlbWFpbCI6ImFkbWluIiwiZmlyc3RfbmFtZSI6ImFkbWluIiwibGFzdF9uYW1lIjoiYWRtaW4iLCJyb2wiOiJhZG1pbiIsImlhdCI6MTcxMDg5NDEzOSwiZXhwIjoxNzEwOTgwNTM5fQ.trDqa1vpaanORFXVPVYqydX04XlMJqZqKjDJODiBh2w"}}
{"level":"info","message":{"email":"admin","first_name":"admin","last_name":"admin","rol":"admin","token":"eyJhbGciOiJIUzI1NiIsInR5cCI6IkpXVCJ9.eyJlbWFpbCI6ImFkbWluIiwiZmlyc3RfbmFtZSI6ImFkbWluIiwibGFzdF9uYW1lIjoiYWRtaW4iLCJyb2wiOiJhZG1pbiIsImlhdCI6MTcxMDg5NDEzOSwiZXhwIjoxNzEwOTgwNTM5fQ.trDqa1vpaanORFXVPVYqydX04XlMJqZqKjDJODiBh2w"}}
{"level":"info","message":"DB desconectada"}
{"level":"info","message":"DB conectada"}
{"level":"info","message":"DB conectada"}
{"level":"info","message":"DB conectada"}
{"level":"info","message":"DB conectada"}
{"level":"error","message":"status function status(code) {\n  if ((typeof code === 'string' || Math.floor(code) !== code) && code > 99 && code < 1000) {\n    deprecate('res.status(' + JSON.stringify(code) + '): use res.status(' + Math.floor(code) + ') instead')\n  }\n  this.statusCode = code;\n  return this;\n} - message: ENOENT: no such file or directory, open 'C:\\public\\img\\logo cable navidad.png'"}
{"level":"info","message":"DB conectada"}
{"level":"info","message":"DB conectada"}
{"level":"error","message":"status function status(code) {\n  if ((typeof code === 'string' || Math.floor(code) !== code) && code > 99 && code < 1000) {\n    deprecate('res.status(' + JSON.stringify(code) + '): use res.status(' + Math.floor(code) + ') instead')\n  }\n  this.statusCode = code;\n  return this;\n} - message: ENOENT: no such file or directory, open 'C:\\C:\\Users\\santi\\Desktop\\Coderhouse\\Backend\\Entregables\\Proyecto-Final-MongoDB-Pre-entrega-3\\src\\uploads\\logo cable navidad.png'"}
{"level":"error","message":"status function status(code) {\n  if ((typeof code === 'string' || Math.floor(code) !== code) && code > 99 && code < 1000) {\n    deprecate('res.status(' + JSON.stringify(code) + '): use res.status(' + Math.floor(code) + ') instead')\n  }\n  this.statusCode = code;\n  return this;\n} - message: ENOENT: no such file or directory, open 'C:\\C:\\Users\\santi\\Desktop\\Coderhouse\\Backend\\Entregables\\Proyecto-Final-MongoDB-Pre-entrega-3\\src\\uploads\\logo cable navidad.png'"}
{"level":"info","message":"DB conectada"}
{"level":"info","message":"DB conectada"}
{"level":"error","message":"status function status(code) {\n  if ((typeof code === 'string' || Math.floor(code) !== code) && code > 99 && code < 1000) {\n    deprecate('res.status(' + JSON.stringify(code) + '): use res.status(' + Math.floor(code) + ') instead')\n  }\n  this.statusCode = code;\n  return this;\n} - message: Unexpected field"}
{"level":"info","message":"DB conectada"}
{"level":"error","message":"status function status(code) {\n  if ((typeof code === 'string' || Math.floor(code) !== code) && code > 99 && code < 1000) {\n    deprecate('res.status(' + JSON.stringify(code) + '): use res.status(' + Math.floor(code) + ') instead')\n  }\n  this.statusCode = code;\n  return this;\n} - message: Unexpected field"}
{"level":"info","message":"DB conectada"}
{"level":"info","message":"DB conectada"}
{"level":"info","message":"DB conectada"}
{"level":"info","message":"DB conectada"}
{"level":"info","message":"DB conectada"}
{"level":"info","message":"DB conectada"}
{"level":"info","message":"DB conectada"}
{"level":"info","message":"DB conectada"}
{"level":"info","message":"DB conectada"}
{"level":"info","message":"DB conectada"}
{"level":"info","message":"DB conectada"}
{"level":"info","message":"DB conectada"}
{"level":"info","message":"DB conectada"}
{"level":"info","message":"DB conectada"}
{"level":"info","message":"DB conectada"}
{"level":"info","message":{"_id":"21da608a-bb05-4bfc-9921-b694581a41af","age":21,"cart":{"_id":"129957c7-3e0a-4012-8d7c-7bb84c3c7e7d","products":[]},"documents":[{"name":"algo","reference":"algo"}],"email":"bb@bb.com","first_name":"Santiago","last_name":"de prueba","password":"$2b$10$gdH6BJF5xl/uGT.eDFyH1OkYo1ccDRiuznKKyiG4g6f9TqWa73zN2","rol":"user","token":"eyJhbGciOiJIUzI1NiIsInR5cCI6IkpXVCJ9.eyJfaWQiOiIyMWRhNjA4YS1iYjA1LTRiZmMtOTkyMS1iNjk0NTgxYTQxYWYiLCJlbWFpbCI6ImJiQGJiLmNvbSIsImZpcnN0X25hbWUiOiJTYW50aWFnbyIsImxhc3RfbmFtZSI6ImRlIHBydWViYSIsInBhc3N3b3JkIjoiJDJiJDEwJGdkSDZCSkY1eGwvdUdULmVERnlIMU9rWW8xY2NEUml1em5LS3lpRzRnNmY5VHFXYTczek4yIiwiYWdlIjoyMSwiY2FydCI6eyJfaWQiOiIxMjk5NTdjNy0zZTBhLTQwMTItOGQ3Yy03YmI4NGMzYzdlN2QiLCJwcm9kdWN0cyI6W119LCJkb2N1bWVudHMiOlt7Im5hbWUiOiJhbGdvIiwicmVmZXJlbmNlIjoiYWxnbyJ9XSwicm9sIjoidXNlciIsImlhdCI6MTcxMTg0NDIzOSwiZXhwIjoxNzExOTMwNjM5fQ.rV1zErSwGnDHCnyxKTxBVLlKyN8Eq0by9lkOfZ6fERc"}}
{"level":"info","message":"DB conectada"}
{"level":"info","message":{"_id":"21da608a-bb05-4bfc-9921-b694581a41af","age":21,"cart":{"_id":"129957c7-3e0a-4012-8d7c-7bb84c3c7e7d","products":[]},"documents":[{"name":"algo","reference":"algo"}],"email":"bb@bb.com","first_name":"Santiago","last_connection":"2024-03-31T00:17:18.326Z","last_name":"de prueba","password":"$2b$10$gdH6BJF5xl/uGT.eDFyH1OkYo1ccDRiuznKKyiG4g6f9TqWa73zN2","rol":"user","token":"eyJhbGciOiJIUzI1NiIsInR5cCI6IkpXVCJ9.eyJfaWQiOiIyMWRhNjA4YS1iYjA1LTRiZmMtOTkyMS1iNjk0NTgxYTQxYWYiLCJlbWFpbCI6ImJiQGJiLmNvbSIsImZpcnN0X25hbWUiOiJTYW50aWFnbyIsImxhc3RfbmFtZSI6ImRlIHBydWViYSIsInBhc3N3b3JkIjoiJDJiJDEwJGdkSDZCSkY1eGwvdUdULmVERnlIMU9rWW8xY2NEUml1em5LS3lpRzRnNmY5VHFXYTczek4yIiwiYWdlIjoyMSwiY2FydCI6eyJfaWQiOiIxMjk5NTdjNy0zZTBhLTQwMTItOGQ3Yy03YmI4NGMzYzdlN2QiLCJwcm9kdWN0cyI6W119LCJkb2N1bWVudHMiOlt7Im5hbWUiOiJhbGdvIiwicmVmZXJlbmNlIjoiYWxnbyJ9XSwibGFzdF9jb25uZWN0aW9uIjoiMjAyNC0wMy0zMVQwMDoxNzoxOC4zMjZaIiwicm9sIjoidXNlciIsImlhdCI6MTcxMTg0NDYyNiwiZXhwIjoxNzExOTMxMDI2fQ.arwJi0nrmLSWoF1WDb8CF7Xs--3MjorOLLxByA2Vu2A"}}
{"level":"error","message":"queryTxt ETIMEOUT cluster0.gb6sgd5.mongodb.net"}
{"level":"info","message":"DB conectada"}
{"level":"info","message":{"_id":"21da608a-bb05-4bfc-9921-b694581a41af","age":21,"cart":{"_id":"129957c7-3e0a-4012-8d7c-7bb84c3c7e7d","products":[]},"documents":[{"name":"algo","reference":"algo"}],"email":"bb@bb.com","first_name":"Santiago","last_connection":"2024-03-31T00:23:45.000Z","last_name":"de prueba","password":"$2b$10$gdH6BJF5xl/uGT.eDFyH1OkYo1ccDRiuznKKyiG4g6f9TqWa73zN2","rol":"user","token":"eyJhbGciOiJIUzI1NiIsInR5cCI6IkpXVCJ9.eyJfaWQiOiIyMWRhNjA4YS1iYjA1LTRiZmMtOTkyMS1iNjk0NTgxYTQxYWYiLCJlbWFpbCI6ImJiQGJiLmNvbSIsImZpcnN0X25hbWUiOiJTYW50aWFnbyIsImxhc3RfbmFtZSI6ImRlIHBydWViYSIsInBhc3N3b3JkIjoiJDJiJDEwJGdkSDZCSkY1eGwvdUdULmVERnlIMU9rWW8xY2NEUml1em5LS3lpRzRnNmY5VHFXYTczek4yIiwiYWdlIjoyMSwiY2FydCI6eyJfaWQiOiIxMjk5NTdjNy0zZTBhLTQwMTItOGQ3Yy03YmI4NGMzYzdlN2QiLCJwcm9kdWN0cyI6W119LCJkb2N1bWVudHMiOlt7Im5hbWUiOiJhbGdvIiwicmVmZXJlbmNlIjoiYWxnbyJ9XSwibGFzdF9jb25uZWN0aW9uIjoiMjAyNC0wMy0zMVQwMDoyMzo0NS4wMDBaIiwicm9sIjoidXNlciIsImlhdCI6MTcxMTg0NDkxNiwiZXhwIjoxNzExOTMxMzE2fQ.9BFCWNW7IL7G5XxO6XkBnx6ANccccDwe3qpyLYiQfJ0"}}
{"level":"info","message":"DB conectada"}
{"level":"info","message":{"_id":"21da608a-bb05-4bfc-9921-b694581a41af","age":21,"cart":{"_id":"129957c7-3e0a-4012-8d7c-7bb84c3c7e7d","products":[]},"documents":[{"name":"algo","reference":"algo"}],"email":"bb@bb.com","first_name":"Santiago","last_connection":"Sat Mar 30 2024 21:28:35 GMT-0300 (hora estándar de Argentina)","last_name":"de prueba","password":"$2b$10$gdH6BJF5xl/uGT.eDFyH1OkYo1ccDRiuznKKyiG4g6f9TqWa73zN2","rol":"user","token":"eyJhbGciOiJIUzI1NiIsInR5cCI6IkpXVCJ9.eyJfaWQiOiIyMWRhNjA4YS1iYjA1LTRiZmMtOTkyMS1iNjk0NTgxYTQxYWYiLCJlbWFpbCI6ImJiQGJiLmNvbSIsImZpcnN0X25hbWUiOiJTYW50aWFnbyIsImxhc3RfbmFtZSI6ImRlIHBydWViYSIsInBhc3N3b3JkIjoiJDJiJDEwJGdkSDZCSkY1eGwvdUdULmVERnlIMU9rWW8xY2NEUml1em5LS3lpRzRnNmY5VHFXYTczek4yIiwiYWdlIjoyMSwiY2FydCI6eyJfaWQiOiIxMjk5NTdjNy0zZTBhLTQwMTItOGQ3Yy03YmI4NGMzYzdlN2QiLCJwcm9kdWN0cyI6W119LCJkb2N1bWVudHMiOlt7Im5hbWUiOiJhbGdvIiwicmVmZXJlbmNlIjoiYWxnbyJ9XSwibGFzdF9jb25uZWN0aW9uIjoiU2F0IE1hciAzMCAyMDI0IDIxOjI4OjM1IEdNVC0wMzAwIChob3JhIGVzdMOhbmRhciBkZSBBcmdlbnRpbmEpIiwicm9sIjoidXNlciIsImlhdCI6MTcxMTg0NTA3OCwiZXhwIjoxNzExOTMxNDc4fQ.hLnhh4h5TGK2x47u0TRs-FLAIqYaCFa69X6VPUcUak0"}}
{"level":"info","message":"DB conectada"}
{"level":"info","message":{"_id":"21da608a-bb05-4bfc-9921-b694581a41af","age":21,"cart":{"_id":"129957c7-3e0a-4012-8d7c-7bb84c3c7e7d","products":[]},"documents":[{"name":"algo","reference":"algo"}],"email":"bb@bb.com","first_name":"Santiago","last_connection":"Sat Mar 30 2024 21:36:38 GMT-0300 (hora estándar de Argentina)","last_name":"de prueba","password":"$2b$10$gdH6BJF5xl/uGT.eDFyH1OkYo1ccDRiuznKKyiG4g6f9TqWa73zN2","rol":"user","token":"eyJhbGciOiJIUzI1NiIsInR5cCI6IkpXVCJ9.eyJfaWQiOiIyMWRhNjA4YS1iYjA1LTRiZmMtOTkyMS1iNjk0NTgxYTQxYWYiLCJlbWFpbCI6ImJiQGJiLmNvbSIsImZpcnN0X25hbWUiOiJTYW50aWFnbyIsImxhc3RfbmFtZSI6ImRlIHBydWViYSIsInBhc3N3b3JkIjoiJDJiJDEwJGdkSDZCSkY1eGwvdUdULmVERnlIMU9rWW8xY2NEUml1em5LS3lpRzRnNmY5VHFXYTczek4yIiwiYWdlIjoyMSwiY2FydCI6eyJfaWQiOiIxMjk5NTdjNy0zZTBhLTQwMTItOGQ3Yy03YmI4NGMzYzdlN2QiLCJwcm9kdWN0cyI6W119LCJkb2N1bWVudHMiOlt7Im5hbWUiOiJhbGdvIiwicmVmZXJlbmNlIjoiYWxnbyJ9XSwibGFzdF9jb25uZWN0aW9uIjoiU2F0IE1hciAzMCAyMDI0IDIxOjM2OjM4IEdNVC0wMzAwIChob3JhIGVzdMOhbmRhciBkZSBBcmdlbnRpbmEpIiwicm9sIjoidXNlciIsImlhdCI6MTcxMTg0NTM5OSwiZXhwIjoxNzExOTMxNzk5fQ.Vx2dh6Iokp2SiZmgpkDFDTkDygey44FjzqOuSUcE5yQ"}}
{"level":"info","message":"DB conectada"}
{"level":"info","message":"DB conectada"}
{"level":"info","message":{"_id":"21da608a-bb05-4bfc-9921-b694581a41af","age":21,"cart":{"_id":"129957c7-3e0a-4012-8d7c-7bb84c3c7e7d","products":[]},"documents":[{"name":"algo","reference":"algo"}],"email":"bb@bb.com","first_name":"Santiago","last_connection":"Wed Apr 03 2024 00:09:44 GMT-0300 (hora estándar de Argentina)","last_name":"de prueba","password":"$2b$10$gdH6BJF5xl/uGT.eDFyH1OkYo1ccDRiuznKKyiG4g6f9TqWa73zN2","rol":"user","token":"eyJhbGciOiJIUzI1NiIsInR5cCI6IkpXVCJ9.eyJfaWQiOiIyMWRhNjA4YS1iYjA1LTRiZmMtOTkyMS1iNjk0NTgxYTQxYWYiLCJlbWFpbCI6ImJiQGJiLmNvbSIsImZpcnN0X25hbWUiOiJTYW50aWFnbyIsImxhc3RfbmFtZSI6ImRlIHBydWViYSIsInBhc3N3b3JkIjoiJDJiJDEwJGdkSDZCSkY1eGwvdUdULmVERnlIMU9rWW8xY2NEUml1em5LS3lpRzRnNmY5VHFXYTczek4yIiwiYWdlIjoyMSwiY2FydCI6eyJfaWQiOiIxMjk5NTdjNy0zZTBhLTQwMTItOGQ3Yy03YmI4NGMzYzdlN2QiLCJwcm9kdWN0cyI6W119LCJkb2N1bWVudHMiOlt7Im5hbWUiOiJhbGdvIiwicmVmZXJlbmNlIjoiYWxnbyJ9XSwibGFzdF9jb25uZWN0aW9uIjoiV2VkIEFwciAwMyAyMDI0IDAwOjA5OjQ0IEdNVC0wMzAwIChob3JhIGVzdMOhbmRhciBkZSBBcmdlbnRpbmEpIiwicm9sIjoidXNlciIsImlhdCI6MTcxMjExMzc4NCwiZXhwIjoxNzEyMjAwMTg0fQ.qBVtl53oWzAivmi3Yo7rF-HOCQVsWtXFjlkhZGgzXvI"}}
{"level":"info","message":"user: [object Object]"}
{"level":"info","message":"DB conectada"}
{"level":"info","message":"DB conectada"}
{"level":"info","message":"DB conectada"}
{"level":"info","message":{"_id":"21da608a-bb05-4bfc-9921-b694581a41af","age":21,"cart":{"_id":"129957c7-3e0a-4012-8d7c-7bb84c3c7e7d","products":[]},"documents":[{"name":"algo","reference":"algo"}],"email":"bb@bb.com","first_name":"Santiago","last_connection":"Wed Apr 03 2024 00:16:06 GMT-0300 (hora estándar de Argentina)","last_name":"de prueba","password":"$2b$10$gdH6BJF5xl/uGT.eDFyH1OkYo1ccDRiuznKKyiG4g6f9TqWa73zN2","rol":"user","token":"eyJhbGciOiJIUzI1NiIsInR5cCI6IkpXVCJ9.eyJfaWQiOiIyMWRhNjA4YS1iYjA1LTRiZmMtOTkyMS1iNjk0NTgxYTQxYWYiLCJlbWFpbCI6ImJiQGJiLmNvbSIsImZpcnN0X25hbWUiOiJTYW50aWFnbyIsImxhc3RfbmFtZSI6ImRlIHBydWViYSIsInBhc3N3b3JkIjoiJDJiJDEwJGdkSDZCSkY1eGwvdUdULmVERnlIMU9rWW8xY2NEUml1em5LS3lpRzRnNmY5VHFXYTczek4yIiwiYWdlIjoyMSwiY2FydCI6eyJfaWQiOiIxMjk5NTdjNy0zZTBhLTQwMTItOGQ3Yy03YmI4NGMzYzdlN2QiLCJwcm9kdWN0cyI6W119LCJkb2N1bWVudHMiOlt7Im5hbWUiOiJhbGdvIiwicmVmZXJlbmNlIjoiYWxnbyJ9XSwibGFzdF9jb25uZWN0aW9uIjoiV2VkIEFwciAwMyAyMDI0IDAwOjE2OjA2IEdNVC0wMzAwIChob3JhIGVzdMOhbmRhciBkZSBBcmdlbnRpbmEpIiwicm9sIjoidXNlciIsImlhdCI6MTcxMjExNDE2NywiZXhwIjoxNzEyMjAwNTY3fQ.H4repCfq9_KAK8ujVXfkJ5zyWLZrBYRCignCqav3xk4"}}
{"level":"info","message":"user: [object Object]"}
{"level":"info","message":{"_id":"21da608a-bb05-4bfc-9921-b694581a41af","age":21,"cart":{"_id":"129957c7-3e0a-4012-8d7c-7bb84c3c7e7d","products":[]},"documents":[{"name":"algo","reference":"algo"}],"email":"bb@bb.com","first_name":"Santiago","last_connection":"Wed Apr 03 2024 00:16:32 GMT-0300 (hora estándar de Argentina)","last_name":"de prueba","password":"$2b$10$MmXN6ateFbiCd.pI9iit4eL3lVAoLsxi0UakApyE590GZttecxXPG","rol":"user","token":"eyJhbGciOiJIUzI1NiIsInR5cCI6IkpXVCJ9.eyJfaWQiOiIyMWRhNjA4YS1iYjA1LTRiZmMtOTkyMS1iNjk0NTgxYTQxYWYiLCJlbWFpbCI6ImJiQGJiLmNvbSIsImZpcnN0X25hbWUiOiJTYW50aWFnbyIsImxhc3RfbmFtZSI6ImRlIHBydWViYSIsInBhc3N3b3JkIjoiJDJiJDEwJE1tWE42YXRlRmJpQ2QucEk5aWl0NGVMM2xWQW9Mc3hpMFVha0FweUU1OTBHWnR0ZWN4WFBHIiwiYWdlIjoyMSwiY2FydCI6eyJfaWQiOiIxMjk5NTdjNy0zZTBhLTQwMTItOGQ3Yy03YmI4NGMzYzdlN2QiLCJwcm9kdWN0cyI6W119LCJkb2N1bWVudHMiOlt7Im5hbWUiOiJhbGdvIiwicmVmZXJlbmNlIjoiYWxnbyJ9XSwibGFzdF9jb25uZWN0aW9uIjoiV2VkIEFwciAwMyAyMDI0IDAwOjE2OjMyIEdNVC0wMzAwIChob3JhIGVzdMOhbmRhciBkZSBBcmdlbnRpbmEpIiwicm9sIjoidXNlciIsImlhdCI6MTcxMjExNDE5MywiZXhwIjoxNzEyMjAwNTkzfQ.QCDBfxw-RIz2jWMEDHEYaPBRT9envq28iMBxGy6iQ9w"}}
{"level":"info","message":"DB conectada"}
{"level":"info","message":"DB conectada"}
{"level":"error","message":"status function status(code) {\n  if ((typeof code === 'string' || Math.floor(code) !== code) && code > 99 && code < 1000) {\n    deprecate('res.status(' + JSON.stringify(code) + '): use res.status(' + Math.floor(code) + ') instead')\n  }\n  this.statusCode = code;\n  return this;\n} - message: Unauthorized"}
{"level":"error","message":"status function status(code) {\n  if ((typeof code === 'string' || Math.floor(code) !== code) && code > 99 && code < 1000) {\n    deprecate('res.status(' + JSON.stringify(code) + '): use res.status(' + Math.floor(code) + ') instead')\n  }\n  this.statusCode = code;\n  return this;\n} - message: Unauthorized"}
{"level":"info","message":"DB conectada"}
{"level":"info","message":{"_id":"fd56e60b-8c10-4f02-b4a3-6682a2a45cab","age":22,"cart":{"_id":"4259784b-56d0-4fff-9057-4c8566a57768","products":[]},"documents":[{"name":"unknow name","reference":"unknow link"}],"email":"santidure2002@gmail.com","first_name":"Santiago","last_connection":"Wed Apr 03 2024 01:44:42 GMT-0300 (hora estándar de Argentina)","last_name":"Duré","password":"$2b$10$MlqUjiVCk//JOn2MsX7U.OaXN9HKj.g2UAJWv3AEbdeFxahyi671W","rol":"user","token":"eyJhbGciOiJIUzI1NiIsInR5cCI6IkpXVCJ9.eyJfaWQiOiJmZDU2ZTYwYi04YzEwLTRmMDItYjRhMy02NjgyYTJhNDVjYWIiLCJlbWFpbCI6InNhbnRpZHVyZTIwMDJAZ21haWwuY29tIiwiZmlyc3RfbmFtZSI6IlNhbnRpYWdvIiwibGFzdF9uYW1lIjoiRHVyw6kiLCJwYXNzd29yZCI6IiQyYiQxMCRNbHFVamlWQ2svL0pPbjJNc1g3VS5PYVhOOUhLai5nMlVBSld2M0FFYmRlRnhhaHlpNjcxVyIsImFnZSI6MjIsImNhcnQiOnsiX2lkIjoiNDI1OTc4NGItNTZkMC00ZmZmLTkwNTctNGM4NTY2YTU3NzY4IiwicHJvZHVjdHMiOltdfSwiZG9jdW1lbnRzIjpbeyJuYW1lIjoidW5rbm93IG5hbWUiLCJyZWZlcmVuY2UiOiJ1bmtub3cgbGluayJ9XSwibGFzdF9jb25uZWN0aW9uIjoiV2VkIEFwciAwMyAyMDI0IDAxOjQ0OjQyIEdNVC0wMzAwIChob3JhIGVzdMOhbmRhciBkZSBBcmdlbnRpbmEpIiwicm9sIjoidXNlciIsImlhdCI6MTcxMjExOTQ4MywiZXhwIjoxNzEyMjA1ODgzfQ.ZkzNSceqTMd_Nl01nwg5zEyhJ1dkINmD_-tYLjV9iUE"}}
{"level":"info","message":"user: [object Object]"}
{"level":"info","message":"DB conectada"}
{"level":"info","message":{"_id":"fd56e60b-8c10-4f02-b4a3-6682a2a45cab","age":22,"cart":{"_id":"4259784b-56d0-4fff-9057-4c8566a57768","products":[]},"documents":[{"name":"unknow name","reference":"unknow link"}],"email":"santidure2002@gmail.com","first_name":"Santiago","last_connection":"Wed Apr 03 2024 01:47:23 GMT-0300 (hora estándar de Argentina)","last_name":"Duré","password":"$2b$10$MlqUjiVCk//JOn2MsX7U.OaXN9HKj.g2UAJWv3AEbdeFxahyi671W","rol":"user","token":"eyJhbGciOiJIUzI1NiIsInR5cCI6IkpXVCJ9.eyJfaWQiOiJmZDU2ZTYwYi04YzEwLTRmMDItYjRhMy02NjgyYTJhNDVjYWIiLCJlbWFpbCI6InNhbnRpZHVyZTIwMDJAZ21haWwuY29tIiwiZmlyc3RfbmFtZSI6IlNhbnRpYWdvIiwibGFzdF9uYW1lIjoiRHVyw6kiLCJwYXNzd29yZCI6IiQyYiQxMCRNbHFVamlWQ2svL0pPbjJNc1g3VS5PYVhOOUhLai5nMlVBSld2M0FFYmRlRnhhaHlpNjcxVyIsImFnZSI6MjIsImNhcnQiOnsiX2lkIjoiNDI1OTc4NGItNTZkMC00ZmZmLTkwNTctNGM4NTY2YTU3NzY4IiwicHJvZHVjdHMiOltdfSwiZG9jdW1lbnRzIjpbeyJuYW1lIjoidW5rbm93IG5hbWUiLCJyZWZlcmVuY2UiOiJ1bmtub3cgbGluayJ9XSwibGFzdF9jb25uZWN0aW9uIjoiV2VkIEFwciAwMyAyMDI0IDAxOjQ3OjIzIEdNVC0wMzAwIChob3JhIGVzdMOhbmRhciBkZSBBcmdlbnRpbmEpIiwicm9sIjoidXNlciIsImlhdCI6MTcxMjExOTY0MywiZXhwIjoxNzEyMjA2MDQzfQ.A_GS8qZFfMcKHmFtjknowfWlBJeqJqU3NpcqO-lXGI4"}}
{"level":"info","message":"user: [object Object]"}
{"level":"info","message":"DB conectada"}
{"level":"info","message":{"_id":"fd56e60b-8c10-4f02-b4a3-6682a2a45cab","age":22,"cart":{"_id":"4259784b-56d0-4fff-9057-4c8566a57768","products":[]},"documents":[{"name":"unknow name","reference":"unknow link"}],"email":"santidure2002@gmail.com","first_name":"Santiago","last_connection":"Wed Apr 03 2024 01:49:47 GMT-0300 (hora estándar de Argentina)","last_name":"Duré","password":"$2b$10$MlqUjiVCk//JOn2MsX7U.OaXN9HKj.g2UAJWv3AEbdeFxahyi671W","rol":"user","token":"eyJhbGciOiJIUzI1NiIsInR5cCI6IkpXVCJ9.eyJfaWQiOiJmZDU2ZTYwYi04YzEwLTRmMDItYjRhMy02NjgyYTJhNDVjYWIiLCJlbWFpbCI6InNhbnRpZHVyZTIwMDJAZ21haWwuY29tIiwiZmlyc3RfbmFtZSI6IlNhbnRpYWdvIiwibGFzdF9uYW1lIjoiRHVyw6kiLCJwYXNzd29yZCI6IiQyYiQxMCRNbHFVamlWQ2svL0pPbjJNc1g3VS5PYVhOOUhLai5nMlVBSld2M0FFYmRlRnhhaHlpNjcxVyIsImFnZSI6MjIsImNhcnQiOnsiX2lkIjoiNDI1OTc4NGItNTZkMC00ZmZmLTkwNTctNGM4NTY2YTU3NzY4IiwicHJvZHVjdHMiOltdfSwiZG9jdW1lbnRzIjpbeyJuYW1lIjoidW5rbm93IG5hbWUiLCJyZWZlcmVuY2UiOiJ1bmtub3cgbGluayJ9XSwibGFzdF9jb25uZWN0aW9uIjoiV2VkIEFwciAwMyAyMDI0IDAxOjQ5OjQ3IEdNVC0wMzAwIChob3JhIGVzdMOhbmRhciBkZSBBcmdlbnRpbmEpIiwicm9sIjoidXNlciIsImlhdCI6MTcxMjExOTc4NywiZXhwIjoxNzEyMjA2MTg3fQ.NCGxLG43U9CiGSPFmXO8D4jKwW3OWNdOMvBIVH28ijk"}}
{"level":"info","message":{"_id":"fd56e60b-8c10-4f02-b4a3-6682a2a45cab","age":22,"cart":{"_id":"4259784b-56d0-4fff-9057-4c8566a57768","products":[]},"documents":[{"name":"unknow name","reference":"unknow link"}],"email":"santidure2002@gmail.com","exp":1712206187,"first_name":"Santiago","iat":1712119787,"last_connection":"Wed Apr 03 2024 01:49:47 GMT-0300 (hora estándar de Argentina)","last_name":"Duré","password":"$2b$10$MlqUjiVCk//JOn2MsX7U.OaXN9HKj.g2UAJWv3AEbdeFxahyi671W","rol":"user"}}
{"level":"info","message":{"_id":"fd56e60b-8c10-4f02-b4a3-6682a2a45cab","age":22,"cart":{"_id":"4259784b-56d0-4fff-9057-4c8566a57768","products":[]},"documents":[{"name":"unknow name","reference":"unknow link"}],"email":"santidure2002@gmail.com","first_name":"Santiago","last_connection":"Wed Apr 03 2024 01:51:32 GMT-0300 (hora estándar de Argentina)","last_name":"Duré","password":"$2b$10$AOMUTDRu7yPucrzROiAHx.R6/uKjTEHrZkXUu1bxbUv7Rzjb/gHpe","rol":"user","token":"eyJhbGciOiJIUzI1NiIsInR5cCI6IkpXVCJ9.eyJfaWQiOiJmZDU2ZTYwYi04YzEwLTRmMDItYjRhMy02NjgyYTJhNDVjYWIiLCJlbWFpbCI6InNhbnRpZHVyZTIwMDJAZ21haWwuY29tIiwiZmlyc3RfbmFtZSI6IlNhbnRpYWdvIiwibGFzdF9uYW1lIjoiRHVyw6kiLCJwYXNzd29yZCI6IiQyYiQxMCRBT01VVERSdTd5UHVjcnpST2lBSHguUjYvdUtqVEVIclprWFV1MWJ4YlV2N1J6amIvZ0hwZSIsImFnZSI6MjIsImNhcnQiOnsiX2lkIjoiNDI1OTc4NGItNTZkMC00ZmZmLTkwNTctNGM4NTY2YTU3NzY4IiwicHJvZHVjdHMiOltdfSwiZG9jdW1lbnRzIjpbeyJuYW1lIjoidW5rbm93IG5hbWUiLCJyZWZlcmVuY2UiOiJ1bmtub3cgbGluayJ9XSwibGFzdF9jb25uZWN0aW9uIjoiV2VkIEFwciAwMyAyMDI0IDAxOjUxOjMyIEdNVC0wMzAwIChob3JhIGVzdMOhbmRhciBkZSBBcmdlbnRpbmEpIiwicm9sIjoidXNlciIsImlhdCI6MTcxMjExOTg5MiwiZXhwIjoxNzEyMjA2MjkyfQ.70LIE97WJAz5xt6a60Re_-v0XNXdbltas1Qw8nM-ZaE"}}
{"level":"info","message":"DB conectada"}
{"level":"info","message":{"_id":"fd56e60b-8c10-4f02-b4a3-6682a2a45cab","age":22,"cart":{"_id":"4259784b-56d0-4fff-9057-4c8566a57768","products":[]},"documents":[{"name":"unknow name","reference":"unknow link"}],"email":"santidure2002@gmail.com","first_name":"Santiago","last_connection":"Wed Apr 03 2024 01:54:53 GMT-0300 (hora estándar de Argentina)","last_name":"Duré","password":"$2b$10$AOMUTDRu7yPucrzROiAHx.R6/uKjTEHrZkXUu1bxbUv7Rzjb/gHpe","rol":"user","token":"eyJhbGciOiJIUzI1NiIsInR5cCI6IkpXVCJ9.eyJfaWQiOiJmZDU2ZTYwYi04YzEwLTRmMDItYjRhMy02NjgyYTJhNDVjYWIiLCJlbWFpbCI6InNhbnRpZHVyZTIwMDJAZ21haWwuY29tIiwiZmlyc3RfbmFtZSI6IlNhbnRpYWdvIiwibGFzdF9uYW1lIjoiRHVyw6kiLCJwYXNzd29yZCI6IiQyYiQxMCRBT01VVERSdTd5UHVjcnpST2lBSHguUjYvdUtqVEVIclprWFV1MWJ4YlV2N1J6amIvZ0hwZSIsImFnZSI6MjIsImNhcnQiOnsiX2lkIjoiNDI1OTc4NGItNTZkMC00ZmZmLTkwNTctNGM4NTY2YTU3NzY4IiwicHJvZHVjdHMiOltdfSwiZG9jdW1lbnRzIjpbeyJuYW1lIjoidW5rbm93IG5hbWUiLCJyZWZlcmVuY2UiOiJ1bmtub3cgbGluayJ9XSwibGFzdF9jb25uZWN0aW9uIjoiV2VkIEFwciAwMyAyMDI0IDAxOjU0OjUzIEdNVC0wMzAwIChob3JhIGVzdMOhbmRhciBkZSBBcmdlbnRpbmEpIiwicm9sIjoidXNlciIsImlhdCI6MTcxMjEyMDA5MywiZXhwIjoxNzEyMjA2NDkzfQ.gF-NVqEK1OHXM32e-x4N2Cvi53kMFf85PFUPhqmGYgs"}}
{"level":"info","message":{"_id":"fd56e60b-8c10-4f02-b4a3-6682a2a45cab","age":22,"cart":{"_id":"4259784b-56d0-4fff-9057-4c8566a57768","products":[]},"documents":[{"name":"unknow name","reference":"unknow link"}],"email":"santidure2002@gmail.com","exp":1712206493,"first_name":"Santiago","iat":1712120093,"last_connection":"Wed Apr 03 2024 01:54:53 GMT-0300 (hora estándar de Argentina)","last_name":"Duré","password":"$2b$10$AOMUTDRu7yPucrzROiAHx.R6/uKjTEHrZkXUu1bxbUv7Rzjb/gHpe","rol":"user"}}
{"level":"info","message":{"_id":"fd56e60b-8c10-4f02-b4a3-6682a2a45cab","age":22,"cart":{"_id":"4259784b-56d0-4fff-9057-4c8566a57768","products":[]},"documents":[{"name":"unknow name","reference":"unknow link"}],"email":"santidure2002@gmail.com","first_name":"Santiago","last_connection":"Wed Apr 03 2024 01:55:55 GMT-0300 (hora estándar de Argentina)","last_name":"Duré","password":"$2b$10$gvf.yTiaF99Yty.UqVQBreXGnpv2lFH/BqvhbHOP.mQujaLxpgZ02","rol":"user","token":"eyJhbGciOiJIUzI1NiIsInR5cCI6IkpXVCJ9.eyJfaWQiOiJmZDU2ZTYwYi04YzEwLTRmMDItYjRhMy02NjgyYTJhNDVjYWIiLCJlbWFpbCI6InNhbnRpZHVyZTIwMDJAZ21haWwuY29tIiwiZmlyc3RfbmFtZSI6IlNhbnRpYWdvIiwibGFzdF9uYW1lIjoiRHVyw6kiLCJwYXNzd29yZCI6IiQyYiQxMCRndmYueVRpYUY5OVl0eS5VcVZRQnJlWEducHYybEZIL0JxdmhiSE9QLm1RdWphTHhwZ1owMiIsImFnZSI6MjIsImNhcnQiOnsiX2lkIjoiNDI1OTc4NGItNTZkMC00ZmZmLTkwNTctNGM4NTY2YTU3NzY4IiwicHJvZHVjdHMiOltdfSwiZG9jdW1lbnRzIjpbeyJuYW1lIjoidW5rbm93IG5hbWUiLCJyZWZlcmVuY2UiOiJ1bmtub3cgbGluayJ9XSwibGFzdF9jb25uZWN0aW9uIjoiV2VkIEFwciAwMyAyMDI0IDAxOjU1OjU1IEdNVC0wMzAwIChob3JhIGVzdMOhbmRhciBkZSBBcmdlbnRpbmEpIiwicm9sIjoidXNlciIsImlhdCI6MTcxMjEyMDE1NiwiZXhwIjoxNzEyMjA2NTU2fQ.0X16irCYdi0YyECoLrlw53dgihA-aRZZudMx4Ap4Fes"}}
{"level":"info","message":"DB conectada"}
{"level":"info","message":{"_id":"fd56e60b-8c10-4f02-b4a3-6682a2a45cab","age":22,"cart":{"_id":"4259784b-56d0-4fff-9057-4c8566a57768","products":[]},"documents":[{"name":"unknow name","reference":"unknow link"}],"email":"santidure2002@gmail.com","first_name":"Santiago","last_connection":"Wed Apr 03 2024 01:57:11 GMT-0300 (hora estándar de Argentina)","last_name":"Duré","password":"$2b$10$gvf.yTiaF99Yty.UqVQBreXGnpv2lFH/BqvhbHOP.mQujaLxpgZ02","rol":"user","token":"eyJhbGciOiJIUzI1NiIsInR5cCI6IkpXVCJ9.eyJfaWQiOiJmZDU2ZTYwYi04YzEwLTRmMDItYjRhMy02NjgyYTJhNDVjYWIiLCJlbWFpbCI6InNhbnRpZHVyZTIwMDJAZ21haWwuY29tIiwiZmlyc3RfbmFtZSI6IlNhbnRpYWdvIiwibGFzdF9uYW1lIjoiRHVyw6kiLCJwYXNzd29yZCI6IiQyYiQxMCRndmYueVRpYUY5OVl0eS5VcVZRQnJlWEducHYybEZIL0JxdmhiSE9QLm1RdWphTHhwZ1owMiIsImFnZSI6MjIsImNhcnQiOnsiX2lkIjoiNDI1OTc4NGItNTZkMC00ZmZmLTkwNTctNGM4NTY2YTU3NzY4IiwicHJvZHVjdHMiOltdfSwiZG9jdW1lbnRzIjpbeyJuYW1lIjoidW5rbm93IG5hbWUiLCJyZWZlcmVuY2UiOiJ1bmtub3cgbGluayJ9XSwibGFzdF9jb25uZWN0aW9uIjoiV2VkIEFwciAwMyAyMDI0IDAxOjU3OjExIEdNVC0wMzAwIChob3JhIGVzdMOhbmRhciBkZSBBcmdlbnRpbmEpIiwicm9sIjoidXNlciIsImlhdCI6MTcxMjEyMDIzMSwiZXhwIjoxNzEyMjA2NjMxfQ.55GwXB1PB8Dl16Hr0MRPzuHwx6aT-JE9TPubgbt-dLQ"}}
{"level":"info","message":{"_id":"fd56e60b-8c10-4f02-b4a3-6682a2a45cab","age":22,"cart":{"_id":"4259784b-56d0-4fff-9057-4c8566a57768","products":[]},"documents":[{"name":"unknow name","reference":"unknow link"}],"email":"santidure2002@gmail.com","exp":1712206631,"first_name":"Santiago","iat":1712120231,"last_connection":"Wed Apr 03 2024 01:57:11 GMT-0300 (hora estándar de Argentina)","last_name":"Duré","password":"$2b$10$gvf.yTiaF99Yty.UqVQBreXGnpv2lFH/BqvhbHOP.mQujaLxpgZ02","rol":"user"}}
{"level":"info","message":"DB conectada"}
{"level":"info","message":{"_id":"fd56e60b-8c10-4f02-b4a3-6682a2a45cab","age":22,"cart":{"_id":"4259784b-56d0-4fff-9057-4c8566a57768","products":[]},"documents":[{"name":"unknow name","reference":"unknow link"}],"email":"santidure2002@gmail.com","first_name":"Santiago","last_connection":"Wed Apr 03 2024 01:59:13 GMT-0300 (hora estándar de Argentina)","last_name":"Duré","password":"$2b$10$gvf.yTiaF99Yty.UqVQBreXGnpv2lFH/BqvhbHOP.mQujaLxpgZ02","rol":"user","token":"eyJhbGciOiJIUzI1NiIsInR5cCI6IkpXVCJ9.eyJfaWQiOiJmZDU2ZTYwYi04YzEwLTRmMDItYjRhMy02NjgyYTJhNDVjYWIiLCJlbWFpbCI6InNhbnRpZHVyZTIwMDJAZ21haWwuY29tIiwiZmlyc3RfbmFtZSI6IlNhbnRpYWdvIiwibGFzdF9uYW1lIjoiRHVyw6kiLCJwYXNzd29yZCI6IiQyYiQxMCRndmYueVRpYUY5OVl0eS5VcVZRQnJlWEducHYybEZIL0JxdmhiSE9QLm1RdWphTHhwZ1owMiIsImFnZSI6MjIsImNhcnQiOnsiX2lkIjoiNDI1OTc4NGItNTZkMC00ZmZmLTkwNTctNGM4NTY2YTU3NzY4IiwicHJvZHVjdHMiOltdfSwiZG9jdW1lbnRzIjpbeyJuYW1lIjoidW5rbm93IG5hbWUiLCJyZWZlcmVuY2UiOiJ1bmtub3cgbGluayJ9XSwibGFzdF9jb25uZWN0aW9uIjoiV2VkIEFwciAwMyAyMDI0IDAxOjU5OjEzIEdNVC0wMzAwIChob3JhIGVzdMOhbmRhciBkZSBBcmdlbnRpbmEpIiwicm9sIjoidXNlciIsImlhdCI6MTcxMjEyMDM1MywiZXhwIjoxNzEyMjA2NzUzfQ.g8s_N62YR7DKgBDxax8eoYLY20DduDi2j7do4Q8QISU"}}
{"level":"info","message":{"_id":"fd56e60b-8c10-4f02-b4a3-6682a2a45cab","age":22,"cart":{"_id":"4259784b-56d0-4fff-9057-4c8566a57768","products":[]},"documents":[{"name":"unknow name","reference":"unknow link"}],"email":"santidure2002@gmail.com","exp":1712206753,"first_name":"Santiago","iat":1712120353,"last_connection":"Wed Apr 03 2024 01:59:13 GMT-0300 (hora estándar de Argentina)","last_name":"Duré","password":"$2b$10$gvf.yTiaF99Yty.UqVQBreXGnpv2lFH/BqvhbHOP.mQujaLxpgZ02","rol":"user"}}
{"level":"info","message":"DB conectada"}
{"level":"info","message":{"email":"admin","first_name":"admin","last_name":"admin","rol":"admin","token":"eyJhbGciOiJIUzI1NiIsInR5cCI6IkpXVCJ9.eyJlbWFpbCI6ImFkbWluIiwiZmlyc3RfbmFtZSI6ImFkbWluIiwibGFzdF9uYW1lIjoiYWRtaW4iLCJyb2wiOiJhZG1pbiIsImlhdCI6MTcxMjEyMDQwNiwiZXhwIjoxNzEyMjA2ODA2fQ.mI9iLa511HqOJXwr-oSat1uqBEaFRF2N6siuVEdrL4w"}}
{"level":"info","message":{"email":"admin","exp":1712206806,"first_name":"admin","iat":1712120406,"last_name":"admin","rol":"admin"}}
{"level":"info","message":"DB conectada"}
{"level":"info","message":{"_id":"fd56e60b-8c10-4f02-b4a3-6682a2a45cab","age":22,"cart":{"_id":"4259784b-56d0-4fff-9057-4c8566a57768","products":[]},"documents":[{"name":"unknow name","reference":"unknow link"}],"email":"santidure2002@gmail.com","first_name":"Santiago","last_connection":"Wed Apr 03 2024 02:00:43 GMT-0300 (hora estándar de Argentina)","last_name":"Duré","password":"$2b$10$gvf.yTiaF99Yty.UqVQBreXGnpv2lFH/BqvhbHOP.mQujaLxpgZ02","rol":"user","token":"eyJhbGciOiJIUzI1NiIsInR5cCI6IkpXVCJ9.eyJfaWQiOiJmZDU2ZTYwYi04YzEwLTRmMDItYjRhMy02NjgyYTJhNDVjYWIiLCJlbWFpbCI6InNhbnRpZHVyZTIwMDJAZ21haWwuY29tIiwiZmlyc3RfbmFtZSI6IlNhbnRpYWdvIiwibGFzdF9uYW1lIjoiRHVyw6kiLCJwYXNzd29yZCI6IiQyYiQxMCRndmYueVRpYUY5OVl0eS5VcVZRQnJlWEducHYybEZIL0JxdmhiSE9QLm1RdWphTHhwZ1owMiIsImFnZSI6MjIsImNhcnQiOnsiX2lkIjoiNDI1OTc4NGItNTZkMC00ZmZmLTkwNTctNGM4NTY2YTU3NzY4IiwicHJvZHVjdHMiOltdfSwiZG9jdW1lbnRzIjpbeyJuYW1lIjoidW5rbm93IG5hbWUiLCJyZWZlcmVuY2UiOiJ1bmtub3cgbGluayJ9XSwibGFzdF9jb25uZWN0aW9uIjoiV2VkIEFwciAwMyAyMDI0IDAyOjAwOjQzIEdNVC0wMzAwIChob3JhIGVzdMOhbmRhciBkZSBBcmdlbnRpbmEpIiwicm9sIjoidXNlciIsImlhdCI6MTcxMjEyMDQ0NCwiZXhwIjoxNzEyMjA2ODQ0fQ.11_sZUL5vyXsGc1cS3FCV3DE090WQmZYWqjhgmj2uHY"}}
{"level":"info","message":{"_id":"fd56e60b-8c10-4f02-b4a3-6682a2a45cab","age":22,"cart":{"_id":"4259784b-56d0-4fff-9057-4c8566a57768","products":[]},"documents":[{"name":"unknow name","reference":"unknow link"}],"email":"santidure2002@gmail.com","exp":1712206844,"first_name":"Santiago","iat":1712120444,"last_connection":"Wed Apr 03 2024 02:00:43 GMT-0300 (hora estándar de Argentina)","last_name":"Duré","password":"$2b$10$gvf.yTiaF99Yty.UqVQBreXGnpv2lFH/BqvhbHOP.mQujaLxpgZ02","rol":"user"}}
{"level":"info","message":{"_id":"fd56e60b-8c10-4f02-b4a3-6682a2a45cab","age":22,"cart":{"_id":"4259784b-56d0-4fff-9057-4c8566a57768","products":[]},"documents":[{"name":"unknow name","reference":"unknow link"}],"email":"santidure2002@gmail.com","first_name":"Santiago","last_connection":"Wed Apr 03 2024 02:03:11 GMT-0300 (hora estándar de Argentina)","last_name":"Duré","password":"$2b$10$gvf.yTiaF99Yty.UqVQBreXGnpv2lFH/BqvhbHOP.mQujaLxpgZ02","rol":"user","token":"eyJhbGciOiJIUzI1NiIsInR5cCI6IkpXVCJ9.eyJfaWQiOiJmZDU2ZTYwYi04YzEwLTRmMDItYjRhMy02NjgyYTJhNDVjYWIiLCJlbWFpbCI6InNhbnRpZHVyZTIwMDJAZ21haWwuY29tIiwiZmlyc3RfbmFtZSI6IlNhbnRpYWdvIiwibGFzdF9uYW1lIjoiRHVyw6kiLCJwYXNzd29yZCI6IiQyYiQxMCRndmYueVRpYUY5OVl0eS5VcVZRQnJlWEducHYybEZIL0JxdmhiSE9QLm1RdWphTHhwZ1owMiIsImFnZSI6MjIsImNhcnQiOnsiX2lkIjoiNDI1OTc4NGItNTZkMC00ZmZmLTkwNTctNGM4NTY2YTU3NzY4IiwicHJvZHVjdHMiOltdfSwiZG9jdW1lbnRzIjpbeyJuYW1lIjoidW5rbm93IG5hbWUiLCJyZWZlcmVuY2UiOiJ1bmtub3cgbGluayJ9XSwibGFzdF9jb25uZWN0aW9uIjoiV2VkIEFwciAwMyAyMDI0IDAyOjAzOjExIEdNVC0wMzAwIChob3JhIGVzdMOhbmRhciBkZSBBcmdlbnRpbmEpIiwicm9sIjoidXNlciIsImlhdCI6MTcxMjEyMDU5MSwiZXhwIjoxNzEyMjA2OTkxfQ.1ZDgbeUAC__IE58WpZSb6NtrjH2C7sK6aYXaAlxm9Wg"}}
{"level":"info","message":{"_id":"fd56e60b-8c10-4f02-b4a3-6682a2a45cab","age":22,"cart":{"_id":"4259784b-56d0-4fff-9057-4c8566a57768","products":[]},"documents":[{"name":"unknow name","reference":"unknow link"}],"email":"santidure2002@gmail.com","exp":1712206991,"first_name":"Santiago","iat":1712120591,"last_connection":"Wed Apr 03 2024 02:03:11 GMT-0300 (hora estándar de Argentina)","last_name":"Duré","password":"$2b$10$gvf.yTiaF99Yty.UqVQBreXGnpv2lFH/BqvhbHOP.mQujaLxpgZ02","rol":"user"}}
{"level":"info","message":"DB conectada"}
{"level":"info","message":{"_id":"fd56e60b-8c10-4f02-b4a3-6682a2a45cab","age":22,"cart":{"_id":"4259784b-56d0-4fff-9057-4c8566a57768","products":[]},"documents":[{"name":"unknow name","reference":"unknow link"}],"email":"santidure2002@gmail.com","first_name":"Santiago","last_connection":"Wed Apr 03 2024 02:04:45 GMT-0300 (hora estándar de Argentina)","last_name":"Duré","password":"$2b$10$gvf.yTiaF99Yty.UqVQBreXGnpv2lFH/BqvhbHOP.mQujaLxpgZ02","rol":"user","token":"eyJhbGciOiJIUzI1NiIsInR5cCI6IkpXVCJ9.eyJfaWQiOiJmZDU2ZTYwYi04YzEwLTRmMDItYjRhMy02NjgyYTJhNDVjYWIiLCJlbWFpbCI6InNhbnRpZHVyZTIwMDJAZ21haWwuY29tIiwiZmlyc3RfbmFtZSI6IlNhbnRpYWdvIiwibGFzdF9uYW1lIjoiRHVyw6kiLCJwYXNzd29yZCI6IiQyYiQxMCRndmYueVRpYUY5OVl0eS5VcVZRQnJlWEducHYybEZIL0JxdmhiSE9QLm1RdWphTHhwZ1owMiIsImFnZSI6MjIsImNhcnQiOnsiX2lkIjoiNDI1OTc4NGItNTZkMC00ZmZmLTkwNTctNGM4NTY2YTU3NzY4IiwicHJvZHVjdHMiOltdfSwiZG9jdW1lbnRzIjpbeyJuYW1lIjoidW5rbm93IG5hbWUiLCJyZWZlcmVuY2UiOiJ1bmtub3cgbGluayJ9XSwibGFzdF9jb25uZWN0aW9uIjoiV2VkIEFwciAwMyAyMDI0IDAyOjA0OjQ1IEdNVC0wMzAwIChob3JhIGVzdMOhbmRhciBkZSBBcmdlbnRpbmEpIiwicm9sIjoidXNlciIsImlhdCI6MTcxMjEyMDY4NSwiZXhwIjoxNzEyMjA3MDg1fQ.aGvJNtYaE5cehXhqj9vOpZo4sroIvFXXPJzHvDgrQKE"}}
{"level":"info","message":{"_id":"fd56e60b-8c10-4f02-b4a3-6682a2a45cab","age":22,"cart":{"_id":"4259784b-56d0-4fff-9057-4c8566a57768","products":[]},"documents":[{"name":"unknow name","reference":"unknow link"}],"email":"santidure2002@gmail.com","exp":1712207085,"first_name":"Santiago","iat":1712120685,"last_connection":"Wed Apr 03 2024 02:04:45 GMT-0300 (hora estándar de Argentina)","last_name":"Duré","password":"$2b$10$gvf.yTiaF99Yty.UqVQBreXGnpv2lFH/BqvhbHOP.mQujaLxpgZ02","rol":"user"}}
{"level":"info","message":"DB conectada"}
{"level":"info","message":{"_id":"fd56e60b-8c10-4f02-b4a3-6682a2a45cab","age":22,"cart":{"_id":"4259784b-56d0-4fff-9057-4c8566a57768","products":[]},"documents":[{"name":"unknow name","reference":"unknow link"}],"email":"santidure2002@gmail.com","first_name":"Santiago","last_connection":"Wed Apr 03 2024 02:08:54 GMT-0300 (hora estándar de Argentina)","last_name":"Duré","password":"$2b$10$gvf.yTiaF99Yty.UqVQBreXGnpv2lFH/BqvhbHOP.mQujaLxpgZ02","rol":"user","token":"eyJhbGciOiJIUzI1NiIsInR5cCI6IkpXVCJ9.eyJfaWQiOiJmZDU2ZTYwYi04YzEwLTRmMDItYjRhMy02NjgyYTJhNDVjYWIiLCJlbWFpbCI6InNhbnRpZHVyZTIwMDJAZ21haWwuY29tIiwiZmlyc3RfbmFtZSI6IlNhbnRpYWdvIiwibGFzdF9uYW1lIjoiRHVyw6kiLCJwYXNzd29yZCI6IiQyYiQxMCRndmYueVRpYUY5OVl0eS5VcVZRQnJlWEducHYybEZIL0JxdmhiSE9QLm1RdWphTHhwZ1owMiIsImFnZSI6MjIsImNhcnQiOnsiX2lkIjoiNDI1OTc4NGItNTZkMC00ZmZmLTkwNTctNGM4NTY2YTU3NzY4IiwicHJvZHVjdHMiOltdfSwiZG9jdW1lbnRzIjpbeyJuYW1lIjoidW5rbm93IG5hbWUiLCJyZWZlcmVuY2UiOiJ1bmtub3cgbGluayJ9XSwibGFzdF9jb25uZWN0aW9uIjoiV2VkIEFwciAwMyAyMDI0IDAyOjA4OjU0IEdNVC0wMzAwIChob3JhIGVzdMOhbmRhciBkZSBBcmdlbnRpbmEpIiwicm9sIjoidXNlciIsImlhdCI6MTcxMjEyMDkzNCwiZXhwIjoxNzEyMjA3MzM0fQ.ByZKqzMoFE2bn4NT1uilcVeuoBckJCPgSlJP4RznxwY"}}
{"level":"info","message":{"_id":"fd56e60b-8c10-4f02-b4a3-6682a2a45cab","age":22,"cart":{"_id":"4259784b-56d0-4fff-9057-4c8566a57768","products":[]},"documents":[{"name":"unknow name","reference":"unknow link"}],"email":"santidure2002@gmail.com","exp":1712207334,"first_name":"Santiago","iat":1712120934,"last_connection":"Wed Apr 03 2024 02:08:54 GMT-0300 (hora estándar de Argentina)","last_name":"Duré","password":"$2b$10$gvf.yTiaF99Yty.UqVQBreXGnpv2lFH/BqvhbHOP.mQujaLxpgZ02","rol":"user"}}
{"level":"info","message":"DB conectada"}
{"level":"info","message":"DB conectada"}
{"level":"info","message":{"_id":"fd56e60b-8c10-4f02-b4a3-6682a2a45cab","age":22,"cart":{"_id":"4259784b-56d0-4fff-9057-4c8566a57768","products":[]},"documents":[{"name":"unknow name","reference":"unknow link"}],"email":"santidure2002@gmail.com","first_name":"Santiago","last_connection":"Wed Apr 03 2024 02:12:50 GMT-0300 (hora estándar de Argentina)","last_name":"Duré","password":"$2b$10$gvf.yTiaF99Yty.UqVQBreXGnpv2lFH/BqvhbHOP.mQujaLxpgZ02","rol":"user","token":"eyJhbGciOiJIUzI1NiIsInR5cCI6IkpXVCJ9.eyJfaWQiOiJmZDU2ZTYwYi04YzEwLTRmMDItYjRhMy02NjgyYTJhNDVjYWIiLCJlbWFpbCI6InNhbnRpZHVyZTIwMDJAZ21haWwuY29tIiwiZmlyc3RfbmFtZSI6IlNhbnRpYWdvIiwibGFzdF9uYW1lIjoiRHVyw6kiLCJwYXNzd29yZCI6IiQyYiQxMCRndmYueVRpYUY5OVl0eS5VcVZRQnJlWEducHYybEZIL0JxdmhiSE9QLm1RdWphTHhwZ1owMiIsImFnZSI6MjIsImNhcnQiOnsiX2lkIjoiNDI1OTc4NGItNTZkMC00ZmZmLTkwNTctNGM4NTY2YTU3NzY4IiwicHJvZHVjdHMiOltdfSwiZG9jdW1lbnRzIjpbeyJuYW1lIjoidW5rbm93IG5hbWUiLCJyZWZlcmVuY2UiOiJ1bmtub3cgbGluayJ9XSwibGFzdF9jb25uZWN0aW9uIjoiV2VkIEFwciAwMyAyMDI0IDAyOjEyOjUwIEdNVC0wMzAwIChob3JhIGVzdMOhbmRhciBkZSBBcmdlbnRpbmEpIiwicm9sIjoidXNlciIsImlhdCI6MTcxMjEyMTE3MCwiZXhwIjoxNzEyMjA3NTcwfQ.IrGMzkXY8vLrnz2efxgoHvhNnBeZ5H0yPRziBA33r0o"}}
{"level":"info","message":{"_id":"fd56e60b-8c10-4f02-b4a3-6682a2a45cab","age":22,"cart":{"_id":"4259784b-56d0-4fff-9057-4c8566a57768","products":[]},"documents":[{"name":"unknow name","reference":"unknow link"}],"email":"santidure2002@gmail.com","exp":1712207570,"first_name":"Santiago","iat":1712121170,"last_connection":"Wed Apr 03 2024 02:12:50 GMT-0300 (hora estándar de Argentina)","last_name":"Duré","password":"$2b$10$gvf.yTiaF99Yty.UqVQBreXGnpv2lFH/BqvhbHOP.mQujaLxpgZ02","rol":"user"}}
{"level":"info","message":"DB conectada"}
{"level":"info","message":{"email":"admin","first_name":"admin","last_name":"admin","rol":"admin","token":"eyJhbGciOiJIUzI1NiIsInR5cCI6IkpXVCJ9.eyJlbWFpbCI6ImFkbWluIiwiZmlyc3RfbmFtZSI6ImFkbWluIiwibGFzdF9uYW1lIjoiYWRtaW4iLCJyb2wiOiJhZG1pbiIsImlhdCI6MTcxMjg0MDY1MiwiZXhwIjoxNzEyOTI3MDUyfQ.VFPlUkNxtX3ET57TyOBu0j2MaI2LUSNYdXbaevVUE1I"}}
{"level":"error","message":"status function status(code) {\n  if ((typeof code === 'string' || Math.floor(code) !== code) && code > 99 && code < 1000) {\n    deprecate('res.status(' + JSON.stringify(code) + '): use res.status(' + Math.floor(code) + ') instead')\n  }\n  this.statusCode = code;\n  return this;\n} - message: Cannot read properties of undefined (reading 'rol')"}
{"level":"info","message":{"email":"admin","first_name":"admin","last_name":"admin","rol":"admin","token":"eyJhbGciOiJIUzI1NiIsInR5cCI6IkpXVCJ9.eyJlbWFpbCI6ImFkbWluIiwiZmlyc3RfbmFtZSI6ImFkbWluIiwibGFzdF9uYW1lIjoiYWRtaW4iLCJyb2wiOiJhZG1pbiIsImlhdCI6MTcxMjg0MDg4NiwiZXhwIjoxNzEyOTI3Mjg2fQ.rvbBs4Wb3nq5Rx4PFqEHLJzjm17L3LbQGWhYTq8tpbA"}}
{"level":"info","message":"DB conectada"}
{"level":"info","message":"DB conectada"}
{"level":"info","message":{"email":"admin","first_name":"admin","last_name":"admin","rol":"admin","token":"eyJhbGciOiJIUzI1NiIsInR5cCI6IkpXVCJ9.eyJlbWFpbCI6ImFkbWluIiwiZmlyc3RfbmFtZSI6ImFkbWluIiwibGFzdF9uYW1lIjoiYWRtaW4iLCJyb2wiOiJhZG1pbiIsImlhdCI6MTcxMzAyOTI1MSwiZXhwIjoxNzEzMTE1NjUxfQ.kXudVXUdPdHp5_jswOYEPbF7hlEDQBbnzLMy-x15GkI"}}
{"level":"info","message":"DB conectada"}
{"level":"info","message":"DB conectada"}
{"level":"info","message":"DB conectada"}
{"level":"info","message":{"email":"admin","first_name":"admin","last_name":"admin","rol":"admin","token":"eyJhbGciOiJIUzI1NiIsInR5cCI6IkpXVCJ9.eyJlbWFpbCI6ImFkbWluIiwiZmlyc3RfbmFtZSI6ImFkbWluIiwibGFzdF9uYW1lIjoiYWRtaW4iLCJyb2wiOiJhZG1pbiIsImlhdCI6MTcxMzAzMzc5OSwiZXhwIjoxNzEzMTIwMTk5fQ.yYyrTemC3UNJCeqBuImBJwXHAKYofpMD-9stCEQp05s"}}
{"level":"info","message":"DB conectada"}
{"level":"info","message":"DB conectada"}
{"level":"info","message":{"_id":"fd56e60b-8c10-4f02-b4a3-6682a2a45cab","age":22,"cart":{"_id":"4259784b-56d0-4fff-9057-4c8566a57768","products":[]},"documents":[{"name":"unknow name","reference":"unknow link"}],"email":"santidure2002@gmail.com","first_name":"Santiago","last_connection":"Sat Apr 13 2024 15:46:59 GMT-0300 (hora estándar de Argentina)","last_name":"Duré","password":"$2b$10$gvf.yTiaF99Yty.UqVQBreXGnpv2lFH/BqvhbHOP.mQujaLxpgZ02","rol":"user","token":"eyJhbGciOiJIUzI1NiIsInR5cCI6IkpXVCJ9.eyJfaWQiOiJmZDU2ZTYwYi04YzEwLTRmMDItYjRhMy02NjgyYTJhNDVjYWIiLCJlbWFpbCI6InNhbnRpZHVyZTIwMDJAZ21haWwuY29tIiwiZmlyc3RfbmFtZSI6IlNhbnRpYWdvIiwibGFzdF9uYW1lIjoiRHVyw6kiLCJwYXNzd29yZCI6IiQyYiQxMCRndmYueVRpYUY5OVl0eS5VcVZRQnJlWEducHYybEZIL0JxdmhiSE9QLm1RdWphTHhwZ1owMiIsImFnZSI6MjIsImNhcnQiOnsiX2lkIjoiNDI1OTc4NGItNTZkMC00ZmZmLTkwNTctNGM4NTY2YTU3NzY4IiwicHJvZHVjdHMiOltdfSwiZG9jdW1lbnRzIjpbeyJuYW1lIjoidW5rbm93IG5hbWUiLCJyZWZlcmVuY2UiOiJ1bmtub3cgbGluayJ9XSwibGFzdF9jb25uZWN0aW9uIjoiU2F0IEFwciAxMyAyMDI0IDE1OjQ2OjU5IEdNVC0wMzAwIChob3JhIGVzdMOhbmRhciBkZSBBcmdlbnRpbmEpIiwicm9sIjoidXNlciIsImlhdCI6MTcxMzAzNDAxOSwiZXhwIjoxNzEzMTIwNDE5fQ.U8egmaJ59F_QxMkwrduf55daJj2JxS3mA9rgXlBkBD8"}}
{"level":"info","message":"DB conectada"}
{"level":"info","message":{"email":"admin","first_name":"admin","last_name":"admin","rol":"admin","token":"eyJhbGciOiJIUzI1NiIsInR5cCI6IkpXVCJ9.eyJlbWFpbCI6ImFkbWluIiwiZmlyc3RfbmFtZSI6ImFkbWluIiwibGFzdF9uYW1lIjoiYWRtaW4iLCJyb2wiOiJhZG1pbiIsImlhdCI6MTcxMzE4NTcxOSwiZXhwIjoxNzEzMjcyMTE5fQ.vRbf1mI7QHeeVfsJCaA3UhitLJ2-JSMoFUVqmw5BAK4"}}
{"level":"info","message":"DB conectada"}
{"level":"info","message":{"email":"admin","first_name":"admin","last_name":"admin","rol":"admin","token":"eyJhbGciOiJIUzI1NiIsInR5cCI6IkpXVCJ9.eyJlbWFpbCI6ImFkbWluIiwiZmlyc3RfbmFtZSI6ImFkbWluIiwibGFzdF9uYW1lIjoiYWRtaW4iLCJyb2wiOiJhZG1pbiIsImlhdCI6MTcxMzE4NTc1NywiZXhwIjoxNzEzMjcyMTU3fQ.Mhten1T-TE8o26RwXZB8RevbApx9MzlZ-sv7ZLHrm7c"}}
{"level":"info","message":"DB conectada"}
{"level":"info","message":"DB conectada"}
{"level":"info","message":{"_id":"8762078a-5669-4009-b8b7-fd2e4aac0d74","age":22,"cart":{"_id":"ce8a12f4-f8f6-4055-b593-f69dbd6c8e8d","products":[]},"documents":[{"name":"unknow name","reference":"unknow link"}],"email":"admin@coder.com","first_name":"Administrador","last_connection":"Mon Apr 15 2024 10:39:13 GMT-0300 (hora estándar de Argentina)","last_name":"","password":"$2b$10$wC8e9IdeiF4g1CN5ha8u/eXHh9/p8j83pNiufOk7e5OFJUMkyTSTO","rol":"admin","token":"eyJhbGciOiJIUzI1NiIsInR5cCI6IkpXVCJ9.eyJfaWQiOiI4NzYyMDc4YS01NjY5LTQwMDktYjhiNy1mZDJlNGFhYzBkNzQiLCJlbWFpbCI6ImFkbWluQGNvZGVyLmNvbSIsImZpcnN0X25hbWUiOiJBZG1pbmlzdHJhZG9yIiwibGFzdF9uYW1lIjoiIiwicGFzc3dvcmQiOiIkMmIkMTAkd0M4ZTlJZGVpRjRnMUNONWhhOHUvZVhIaDkvcDhqODNwTml1Zk9rN2U1T0ZKVU1reVRTVE8iLCJhZ2UiOjIyLCJjYXJ0Ijp7Il9pZCI6ImNlOGExMmY0LWY4ZjYtNDA1NS1iNTkzLWY2OWRiZDZjOGU4ZCIsInByb2R1Y3RzIjpbXX0sImRvY3VtZW50cyI6W3sibmFtZSI6InVua25vdyBuYW1lIiwicmVmZXJlbmNlIjoidW5rbm93IGxpbmsifV0sImxhc3RfY29ubmVjdGlvbiI6Ik1vbiBBcHIgMTUgMjAyNCAxMDozOToxMyBHTVQtMDMwMCAoaG9yYSBlc3TDoW5kYXIgZGUgQXJnZW50aW5hKSIsInJvbCI6ImFkbWluIiwiaWF0IjoxNzEzMTg4MzU0LCJleHAiOjE3MTMyNzQ3NTR9.9jx4lft5jGSwsjh_9hU9lGGcFUnkl29X02bZAkGspKo"}}
{"level":"info","message":"DB conectada"}
{"level":"info","message":"DB conectada"}
{"level":"info","message":{"_id":"8762078a-5669-4009-b8b7-fd2e4aac0d74","age":22,"cart":{"_id":"ce8a12f4-f8f6-4055-b593-f69dbd6c8e8d","products":[]},"documents":[{"name":"unknow name","reference":"unknow link"}],"email":"admin@coder.com","first_name":"Administrador","last_connection":"Fri Apr 19 2024 22:58:49 GMT-0300 (hora estándar de Argentina)","last_name":"","password":"$2b$10$wC8e9IdeiF4g1CN5ha8u/eXHh9/p8j83pNiufOk7e5OFJUMkyTSTO","rol":"admin","token":"eyJhbGciOiJIUzI1NiIsInR5cCI6IkpXVCJ9.eyJfaWQiOiI4NzYyMDc4YS01NjY5LTQwMDktYjhiNy1mZDJlNGFhYzBkNzQiLCJlbWFpbCI6ImFkbWluQGNvZGVyLmNvbSIsImZpcnN0X25hbWUiOiJBZG1pbmlzdHJhZG9yIiwibGFzdF9uYW1lIjoiIiwicGFzc3dvcmQiOiIkMmIkMTAkd0M4ZTlJZGVpRjRnMUNONWhhOHUvZVhIaDkvcDhqODNwTml1Zk9rN2U1T0ZKVU1reVRTVE8iLCJhZ2UiOjIyLCJjYXJ0Ijp7Il9pZCI6ImNlOGExMmY0LWY4ZjYtNDA1NS1iNTkzLWY2OWRiZDZjOGU4ZCIsInByb2R1Y3RzIjpbXX0sImRvY3VtZW50cyI6W3sibmFtZSI6InVua25vdyBuYW1lIiwicmVmZXJlbmNlIjoidW5rbm93IGxpbmsifV0sImxhc3RfY29ubmVjdGlvbiI6IkZyaSBBcHIgMTkgMjAyNCAyMjo1ODo0OSBHTVQtMDMwMCAoaG9yYSBlc3TDoW5kYXIgZGUgQXJnZW50aW5hKSIsInJvbCI6ImFkbWluIiwiaWF0IjoxNzEzNTc4MzMyLCJleHAiOjE3MTM2NjQ3MzJ9.g8MhkN-tf0XcXJTxk5Jj9BCsGavvN3E8PDI33pmzRSk"}}
{"level":"info","message":"DB conectada"}
{"level":"info","message":"DB conectada"}
{"level":"info","message":{"_id":"fd56e60b-8c10-4f02-b4a3-6682a2a45cab","age":22,"cart":{"_id":"4259784b-56d0-4fff-9057-4c8566a57768","products":[]},"documents":[{"name":"unknow name","reference":"unknow link"}],"email":"santidure2002@gmail.com","first_name":"Santiago","last_connection":"Mon Apr 22 2024 15:27:24 GMT-0300 (hora estándar de Argentina)","last_name":"Duré","password":"$2b$10$gvf.yTiaF99Yty.UqVQBreXGnpv2lFH/BqvhbHOP.mQujaLxpgZ02","rol":"premium","token":"eyJhbGciOiJIUzI1NiIsInR5cCI6IkpXVCJ9.eyJfaWQiOiJmZDU2ZTYwYi04YzEwLTRmMDItYjRhMy02NjgyYTJhNDVjYWIiLCJlbWFpbCI6InNhbnRpZHVyZTIwMDJAZ21haWwuY29tIiwiZmlyc3RfbmFtZSI6IlNhbnRpYWdvIiwibGFzdF9uYW1lIjoiRHVyw6kiLCJwYXNzd29yZCI6IiQyYiQxMCRndmYueVRpYUY5OVl0eS5VcVZRQnJlWEducHYybEZIL0JxdmhiSE9QLm1RdWphTHhwZ1owMiIsImFnZSI6MjIsImNhcnQiOnsiX2lkIjoiNDI1OTc4NGItNTZkMC00ZmZmLTkwNTctNGM4NTY2YTU3NzY4IiwicHJvZHVjdHMiOltdfSwiZG9jdW1lbnRzIjpbeyJuYW1lIjoidW5rbm93IG5hbWUiLCJyZWZlcmVuY2UiOiJ1bmtub3cgbGluayJ9XSwibGFzdF9jb25uZWN0aW9uIjoiTW9uIEFwciAyMiAyMDI0IDE1OjI3OjI0IEdNVC0wMzAwIChob3JhIGVzdMOhbmRhciBkZSBBcmdlbnRpbmEpIiwicm9sIjoicHJlbWl1bSIsImlhdCI6MTcxMzgxMDQ0NSwiZXhwIjoxNzEzODk2ODQ1fQ.aKsNSkA12t0kOdL1bjbvs6HJwOyen7Lbom_AEzFfUyk"}}
{"level":"error","message":"queryTxt ETIMEOUT cluster0.gb6sgd5.mongodb.net"}
{"level":"error","message":"queryTxt ETIMEOUT cluster0.gb6sgd5.mongodb.net"}
{"level":"info","message":"DB conectada"}
{"level":"info","message":"DB conectada"}
{"level":"error","message":"queryTxt ETIMEOUT cluster0.gb6sgd5.mongodb.net"}
{"level":"info","message":"DB conectada"}
{"level":"info","message":{"_id":"fd56e60b-8c10-4f02-b4a3-6682a2a45cab","age":22,"cart":{"_id":"4259784b-56d0-4fff-9057-4c8566a57768","products":[]},"documents":[{"name":"unknow name","reference":"unknow link"}],"email":"santidure2002@gmail.com","first_name":"Santiago","last_connection":"Mon Apr 22 2024 17:07:02 GMT-0300 (hora estándar de Argentina)","last_name":"Duré","password":"$2b$10$gvf.yTiaF99Yty.UqVQBreXGnpv2lFH/BqvhbHOP.mQujaLxpgZ02","rol":"premium","token":"eyJhbGciOiJIUzI1NiIsInR5cCI6IkpXVCJ9.eyJfaWQiOiJmZDU2ZTYwYi04YzEwLTRmMDItYjRhMy02NjgyYTJhNDVjYWIiLCJlbWFpbCI6InNhbnRpZHVyZTIwMDJAZ21haWwuY29tIiwiZmlyc3RfbmFtZSI6IlNhbnRpYWdvIiwibGFzdF9uYW1lIjoiRHVyw6kiLCJwYXNzd29yZCI6IiQyYiQxMCRndmYueVRpYUY5OVl0eS5VcVZRQnJlWEducHYybEZIL0JxdmhiSE9QLm1RdWphTHhwZ1owMiIsImFnZSI6MjIsImNhcnQiOnsiX2lkIjoiNDI1OTc4NGItNTZkMC00ZmZmLTkwNTctNGM4NTY2YTU3NzY4IiwicHJvZHVjdHMiOltdfSwiZG9jdW1lbnRzIjpbeyJuYW1lIjoidW5rbm93IG5hbWUiLCJyZWZlcmVuY2UiOiJ1bmtub3cgbGluayJ9XSwibGFzdF9jb25uZWN0aW9uIjoiTW9uIEFwciAyMiAyMDI0IDE3OjA3OjAyIEdNVC0wMzAwIChob3JhIGVzdMOhbmRhciBkZSBBcmdlbnRpbmEpIiwicm9sIjoicHJlbWl1bSIsImlhdCI6MTcxMzgxNjQyMiwiZXhwIjoxNzEzOTAyODIyfQ.WXteQPWQP5xeCcI_7O8iZNKY-h1jlfFljWSb1ySH5lw"}}
{"level":"info","message":"DB conectada"}
{"level":"info","message":"DB conectada"}
{"level":"info","message":"DB conectada"}
{"level":"info","message":"DB conectada"}
{"level":"info","message":"DB conectada"}
{"level":"info","message":"DB conectada"}
{"level":"info","message":"DB conectada"}
{"level":"info","message":{"_id":"fd56e60b-8c10-4f02-b4a3-6682a2a45cab","age":22,"cart":{"_id":"4259784b-56d0-4fff-9057-4c8566a57768","products":[]},"documents":[{"name":"unknow name","reference":"unknow link"}],"email":"santidure2002@gmail.com","first_name":"Santiago","last_connection":"Mon Apr 22 2024 17:33:06 GMT-0300 (hora estándar de Argentina)","last_name":"Duré","password":"$2b$10$gvf.yTiaF99Yty.UqVQBreXGnpv2lFH/BqvhbHOP.mQujaLxpgZ02","rol":"premium","token":"eyJhbGciOiJIUzI1NiIsInR5cCI6IkpXVCJ9.eyJfaWQiOiJmZDU2ZTYwYi04YzEwLTRmMDItYjRhMy02NjgyYTJhNDVjYWIiLCJlbWFpbCI6InNhbnRpZHVyZTIwMDJAZ21haWwuY29tIiwiZmlyc3RfbmFtZSI6IlNhbnRpYWdvIiwibGFzdF9uYW1lIjoiRHVyw6kiLCJwYXNzd29yZCI6IiQyYiQxMCRndmYueVRpYUY5OVl0eS5VcVZRQnJlWEducHYybEZIL0JxdmhiSE9QLm1RdWphTHhwZ1owMiIsImFnZSI6MjIsImNhcnQiOnsiX2lkIjoiNDI1OTc4NGItNTZkMC00ZmZmLTkwNTctNGM4NTY2YTU3NzY4IiwicHJvZHVjdHMiOltdfSwiZG9jdW1lbnRzIjpbeyJuYW1lIjoidW5rbm93IG5hbWUiLCJyZWZlcmVuY2UiOiJ1bmtub3cgbGluayJ9XSwibGFzdF9jb25uZWN0aW9uIjoiTW9uIEFwciAyMiAyMDI0IDE3OjMzOjA2IEdNVC0wMzAwIChob3JhIGVzdMOhbmRhciBkZSBBcmdlbnRpbmEpIiwicm9sIjoicHJlbWl1bSIsImlhdCI6MTcxMzgxNzk4NywiZXhwIjoxNzEzOTA0Mzg3fQ.5MkTbSxM9BueXDeZ3N4ibv0cAqW__vAFFlWuCVcyPQ4"}}
{"level":"info","message":{"_id":"18d960d6-d95b-4fc4-b8e6-2b66c3e8ba37","age":0,"cart":{"_id":"76a88afc-3cd7-45cf-9fea-4d6b1a98ca13","products":[]},"email":"aa@aa.com","first_name":"creative_dog_870","last_connection":"Mon Apr 22 2024 17:33:35 GMT-0300 (hora estándar de Argentina)","last_name":"unknow","password":"$2b$10$UAUIPFX1zu3mFVItj2uDYOnmu7.699jiNqtg4gCp.h03xpdAydNWK","rol":"premium","token":"eyJhbGciOiJIUzI1NiIsInR5cCI6IkpXVCJ9.eyJfaWQiOiIxOGQ5NjBkNi1kOTViLTRmYzQtYjhlNi0yYjY2YzNlOGJhMzciLCJlbWFpbCI6ImFhQGFhLmNvbSIsImZpcnN0X25hbWUiOiJjcmVhdGl2ZV9kb2dfODcwIiwibGFzdF9uYW1lIjoidW5rbm93IiwicGFzc3dvcmQiOiIkMmIkMTAkVUFVSVBGWDF6dTNtRlZJdGoydURZT25tdTcuNjk5amlOcXRnNGdDcC5oMDN4cGRBeWROV0siLCJhZ2UiOjAsImNhcnQiOnsiX2lkIjoiNzZhODhhZmMtM2NkNy00NWNmLTlmZWEtNGQ2YjFhOThjYTEzIiwicHJvZHVjdHMiOltdfSwibGFzdF9jb25uZWN0aW9uIjoiTW9uIEFwciAyMiAyMDI0IDE3OjMzOjM1IEdNVC0wMzAwIChob3JhIGVzdMOhbmRhciBkZSBBcmdlbnRpbmEpIiwicm9sIjoicHJlbWl1bSIsImlhdCI6MTcxMzgxODAxNiwiZXhwIjoxNzEzOTA0NDE2fQ.jE6qvMQ8DDGK1ftRXvpMVeTGOzcQQTwjmraEDOHHnO0"}}
{"level":"info","message":{"_id":"8762078a-5669-4009-b8b7-fd2e4aac0d74","age":22,"cart":{"_id":"ce8a12f4-f8f6-4055-b593-f69dbd6c8e8d","products":[]},"documents":[{"name":"unknow name","reference":"unknow link"}],"email":"admin@coder.com","first_name":"Administrador","last_connection":"Mon Apr 22 2024 17:34:13 GMT-0300 (hora estándar de Argentina)","last_name":"","password":"$2b$10$wC8e9IdeiF4g1CN5ha8u/eXHh9/p8j83pNiufOk7e5OFJUMkyTSTO","rol":"admin","token":"eyJhbGciOiJIUzI1NiIsInR5cCI6IkpXVCJ9.eyJfaWQiOiI4NzYyMDc4YS01NjY5LTQwMDktYjhiNy1mZDJlNGFhYzBkNzQiLCJlbWFpbCI6ImFkbWluQGNvZGVyLmNvbSIsImZpcnN0X25hbWUiOiJBZG1pbmlzdHJhZG9yIiwibGFzdF9uYW1lIjoiIiwicGFzc3dvcmQiOiIkMmIkMTAkd0M4ZTlJZGVpRjRnMUNONWhhOHUvZVhIaDkvcDhqODNwTml1Zk9rN2U1T0ZKVU1reVRTVE8iLCJhZ2UiOjIyLCJjYXJ0Ijp7Il9pZCI6ImNlOGExMmY0LWY4ZjYtNDA1NS1iNTkzLWY2OWRiZDZjOGU4ZCIsInByb2R1Y3RzIjpbXX0sImRvY3VtZW50cyI6W3sibmFtZSI6InVua25vdyBuYW1lIiwicmVmZXJlbmNlIjoidW5rbm93IGxpbmsifV0sImxhc3RfY29ubmVjdGlvbiI6Ik1vbiBBcHIgMjIgMjAyNCAxNzozNDoxMyBHTVQtMDMwMCAoaG9yYSBlc3TDoW5kYXIgZGUgQXJnZW50aW5hKSIsInJvbCI6ImFkbWluIiwiaWF0IjoxNzEzODE4MDUzLCJleHAiOjE3MTM5MDQ0NTN9.8XQYTHK4gmhYu_vhu69Pjnv7iAiiD40EMvcl-6fJM44"}}
{"level":"info","message":{"_id":"fd56e60b-8c10-4f02-b4a3-6682a2a45cab","age":22,"cart":{"_id":"4259784b-56d0-4fff-9057-4c8566a57768","products":[]},"documents":[{"name":"unknow name","reference":"unknow link"}],"email":"santidure2002@gmail.com","first_name":"Santiago","last_connection":"Mon Apr 22 2024 17:34:39 GMT-0300 (hora estándar de Argentina)","last_name":"Duré","password":"$2b$10$gvf.yTiaF99Yty.UqVQBreXGnpv2lFH/BqvhbHOP.mQujaLxpgZ02","rol":"premium","token":"eyJhbGciOiJIUzI1NiIsInR5cCI6IkpXVCJ9.eyJfaWQiOiJmZDU2ZTYwYi04YzEwLTRmMDItYjRhMy02NjgyYTJhNDVjYWIiLCJlbWFpbCI6InNhbnRpZHVyZTIwMDJAZ21haWwuY29tIiwiZmlyc3RfbmFtZSI6IlNhbnRpYWdvIiwibGFzdF9uYW1lIjoiRHVyw6kiLCJwYXNzd29yZCI6IiQyYiQxMCRndmYueVRpYUY5OVl0eS5VcVZRQnJlWEducHYybEZIL0JxdmhiSE9QLm1RdWphTHhwZ1owMiIsImFnZSI6MjIsImNhcnQiOnsiX2lkIjoiNDI1OTc4NGItNTZkMC00ZmZmLTkwNTctNGM4NTY2YTU3NzY4IiwicHJvZHVjdHMiOltdfSwiZG9jdW1lbnRzIjpbeyJuYW1lIjoidW5rbm93IG5hbWUiLCJyZWZlcmVuY2UiOiJ1bmtub3cgbGluayJ9XSwibGFzdF9jb25uZWN0aW9uIjoiTW9uIEFwciAyMiAyMDI0IDE3OjM0OjM5IEdNVC0wMzAwIChob3JhIGVzdMOhbmRhciBkZSBBcmdlbnRpbmEpIiwicm9sIjoicHJlbWl1bSIsImlhdCI6MTcxMzgxODA3OSwiZXhwIjoxNzEzOTA0NDc5fQ.QpvQ63vK5gcSAUTSQHcfE8NvO-T3e9nOiQL2bqVRQDg"}}
{"level":"info","message":{"_id":"e1b5ff49-aa20-4afc-bd17-0efc3e7f9c93","age":2,"cart":{"_id":"2e698819-a9a5-4cc2-a899-1b56e330411f","products":[]},"documents":[{"name":"unknow name","reference":"unknow link"}],"email":"socket@gmail.com","first_name":"a","last_connection":"Mon Apr 22 2024 17:36:08 GMT-0300 (hora estándar de Argentina)","last_name":"a","password":"$2b$10$1STnBAE6WvS0F6nlYT/Kzeil3zPqFlyu8RmhEDbXrpMYhudcm2LSK","rol":"user","token":"eyJhbGciOiJIUzI1NiIsInR5cCI6IkpXVCJ9.eyJfaWQiOiJlMWI1ZmY0OS1hYTIwLTRhZmMtYmQxNy0wZWZjM2U3ZjljOTMiLCJlbWFpbCI6InNvY2tldEBnbWFpbC5jb20iLCJmaXJzdF9uYW1lIjoiYSIsImxhc3RfbmFtZSI6ImEiLCJwYXNzd29yZCI6IiQyYiQxMCQxU1RuQkFFNld2UzBGNm5sWVQvS3plaWwzelBxRmx5dThSbWhFRGJYcnBNWWh1ZGNtMkxTSyIsImFnZSI6MiwiY2FydCI6eyJfaWQiOiIyZTY5ODgxOS1hOWE1LTRjYzItYTg5OS0xYjU2ZTMzMDQxMWYiLCJwcm9kdWN0cyI6W119LCJkb2N1bWVudHMiOlt7Im5hbWUiOiJ1bmtub3cgbmFtZSIsInJlZmVyZW5jZSI6InVua25vdyBsaW5rIn1dLCJsYXN0X2Nvbm5lY3Rpb24iOiJNb24gQXByIDIyIDIwMjQgMTc6MzY6MDggR01ULTAzMDAgKGhvcmEgZXN0w6FuZGFyIGRlIEFyZ2VudGluYSkiLCJyb2wiOiJ1c2VyIiwiaWF0IjoxNzEzODE4MTY5LCJleHAiOjE3MTM5MDQ1Njl9.o_o2fFAPkmiM-j8Gb0NT8AWq8qldISD-dZYqboHFNqk"}}
{"level":"error","message":"queryTxt ETIMEOUT cluster0.gb6sgd5.mongodb.net"}
{"level":"info","message":"DB conectada"}
{"level":"info","message":"DB conectada"}
{"level":"info","message":{"_id":"e1b5ff49-aa20-4afc-bd17-0efc3e7f9c93","age":2,"cart":{"_id":"2e698819-a9a5-4cc2-a899-1b56e330411f","products":[]},"documents":[{"name":"unknow name","reference":"unknow link"}],"email":"socket@gmail.com","first_name":"a","last_connection":"Tue Apr 23 2024 08:01:24 GMT-0300 (hora estándar de Argentina)","last_name":"a","password":"$2b$10$1STnBAE6WvS0F6nlYT/Kzeil3zPqFlyu8RmhEDbXrpMYhudcm2LSK","rol":"user","token":"eyJhbGciOiJIUzI1NiIsInR5cCI6IkpXVCJ9.eyJfaWQiOiJlMWI1ZmY0OS1hYTIwLTRhZmMtYmQxNy0wZWZjM2U3ZjljOTMiLCJlbWFpbCI6InNvY2tldEBnbWFpbC5jb20iLCJmaXJzdF9uYW1lIjoiYSIsImxhc3RfbmFtZSI6ImEiLCJwYXNzd29yZCI6IiQyYiQxMCQxU1RuQkFFNld2UzBGNm5sWVQvS3plaWwzelBxRmx5dThSbWhFRGJYcnBNWWh1ZGNtMkxTSyIsImFnZSI6MiwiY2FydCI6eyJfaWQiOiIyZTY5ODgxOS1hOWE1LTRjYzItYTg5OS0xYjU2ZTMzMDQxMWYiLCJwcm9kdWN0cyI6W119LCJkb2N1bWVudHMiOlt7Im5hbWUiOiJ1bmtub3cgbmFtZSIsInJlZmVyZW5jZSI6InVua25vdyBsaW5rIn1dLCJsYXN0X2Nvbm5lY3Rpb24iOiJUdWUgQXByIDIzIDIwMjQgMDg6MDE6MjQgR01ULTAzMDAgKGhvcmEgZXN0w6FuZGFyIGRlIEFyZ2VudGluYSkiLCJyb2wiOiJ1c2VyIiwiaWF0IjoxNzEzODcwMDg1LCJleHAiOjE3MTM5NTY0ODV9.NKrfnB4hSAophgwuFuO-wF1GvX-A95tOfKhUm49pRaY"}}
{"level":"info","message":"DB conectada"}
{"level":"info","message":"DB conectada"}
{"level":"info","message":"DB conectada"}
{"level":"info","message":"DB conectada"}
{"level":"info","message":{"_id":"e1b5ff49-aa20-4afc-bd17-0efc3e7f9c93","age":2,"cart":{"_id":"2e698819-a9a5-4cc2-a899-1b56e330411f","products":[]},"documents":[{"name":"unknow name","reference":"unknow link"}],"email":"socket@gmail.com","first_name":"a","last_connection":"Tue Apr 23 2024 08:16:41 GMT-0300 (hora estándar de Argentina)","last_name":"a","password":"$2b$10$1STnBAE6WvS0F6nlYT/Kzeil3zPqFlyu8RmhEDbXrpMYhudcm2LSK","rol":"user","token":"eyJhbGciOiJIUzI1NiIsInR5cCI6IkpXVCJ9.eyJfaWQiOiJlMWI1ZmY0OS1hYTIwLTRhZmMtYmQxNy0wZWZjM2U3ZjljOTMiLCJlbWFpbCI6InNvY2tldEBnbWFpbC5jb20iLCJmaXJzdF9uYW1lIjoiYSIsImxhc3RfbmFtZSI6ImEiLCJwYXNzd29yZCI6IiQyYiQxMCQxU1RuQkFFNld2UzBGNm5sWVQvS3plaWwzelBxRmx5dThSbWhFRGJYcnBNWWh1ZGNtMkxTSyIsImFnZSI6MiwiY2FydCI6eyJfaWQiOiIyZTY5ODgxOS1hOWE1LTRjYzItYTg5OS0xYjU2ZTMzMDQxMWYiLCJwcm9kdWN0cyI6W119LCJkb2N1bWVudHMiOlt7Im5hbWUiOiJ1bmtub3cgbmFtZSIsInJlZmVyZW5jZSI6InVua25vdyBsaW5rIn1dLCJsYXN0X2Nvbm5lY3Rpb24iOiJUdWUgQXByIDIzIDIwMjQgMDg6MTY6NDEgR01ULTAzMDAgKGhvcmEgZXN0w6FuZGFyIGRlIEFyZ2VudGluYSkiLCJyb2wiOiJ1c2VyIiwiaWF0IjoxNzEzODcxMDAxLCJleHAiOjE3MTM5NTc0MDF9.I-CbI1rgrfvmwEhTVdlbGModX4jM9z3--mi_kVcBPZk"}}
{"level":"info","message":"DB conectada"}
{"level":"info","message":"DB conectada"}
{"level":"info","message":"DB conectada"}
{"level":"info","message":{"_id":"e1b5ff49-aa20-4afc-bd17-0efc3e7f9c93","age":2,"cart":{"_id":"2e698819-a9a5-4cc2-a899-1b56e330411f","products":[]},"documents":[{"name":"unknow name","reference":"unknow link"}],"email":"socket@gmail.com","first_name":"a","last_connection":"Tue Apr 23 2024 08:23:10 GMT-0300 (hora estándar de Argentina)","last_name":"a","password":"$2b$10$1STnBAE6WvS0F6nlYT/Kzeil3zPqFlyu8RmhEDbXrpMYhudcm2LSK","rol":"user","token":"eyJhbGciOiJIUzI1NiIsInR5cCI6IkpXVCJ9.eyJfaWQiOiJlMWI1ZmY0OS1hYTIwLTRhZmMtYmQxNy0wZWZjM2U3ZjljOTMiLCJlbWFpbCI6InNvY2tldEBnbWFpbC5jb20iLCJmaXJzdF9uYW1lIjoiYSIsImxhc3RfbmFtZSI6ImEiLCJwYXNzd29yZCI6IiQyYiQxMCQxU1RuQkFFNld2UzBGNm5sWVQvS3plaWwzelBxRmx5dThSbWhFRGJYcnBNWWh1ZGNtMkxTSyIsImFnZSI6MiwiY2FydCI6eyJfaWQiOiIyZTY5ODgxOS1hOWE1LTRjYzItYTg5OS0xYjU2ZTMzMDQxMWYiLCJwcm9kdWN0cyI6W119LCJkb2N1bWVudHMiOlt7Im5hbWUiOiJ1bmtub3cgbmFtZSIsInJlZmVyZW5jZSI6InVua25vdyBsaW5rIn1dLCJsYXN0X2Nvbm5lY3Rpb24iOiJUdWUgQXByIDIzIDIwMjQgMDg6MjM6MTAgR01ULTAzMDAgKGhvcmEgZXN0w6FuZGFyIGRlIEFyZ2VudGluYSkiLCJyb2wiOiJ1c2VyIiwiaWF0IjoxNzEzODcxMzkxLCJleHAiOjE3MTM5NTc3OTF9.QQL6mc-ug_B6j76TBnJ9P5MFsI7858VNF4-ZSV8sMlI"}}
{"level":"info","message":{"_id":"8762078a-5669-4009-b8b7-fd2e4aac0d74","age":22,"cart":{"_id":"ce8a12f4-f8f6-4055-b593-f69dbd6c8e8d","products":[]},"documents":[{"name":"unknow name","reference":"unknow link"}],"email":"admin@coder.com","first_name":"Administrador","last_connection":"Tue Apr 23 2024 08:24:02 GMT-0300 (hora estándar de Argentina)","last_name":"","password":"$2b$10$wC8e9IdeiF4g1CN5ha8u/eXHh9/p8j83pNiufOk7e5OFJUMkyTSTO","rol":"admin","token":"eyJhbGciOiJIUzI1NiIsInR5cCI6IkpXVCJ9.eyJfaWQiOiI4NzYyMDc4YS01NjY5LTQwMDktYjhiNy1mZDJlNGFhYzBkNzQiLCJlbWFpbCI6ImFkbWluQGNvZGVyLmNvbSIsImZpcnN0X25hbWUiOiJBZG1pbmlzdHJhZG9yIiwibGFzdF9uYW1lIjoiIiwicGFzc3dvcmQiOiIkMmIkMTAkd0M4ZTlJZGVpRjRnMUNONWhhOHUvZVhIaDkvcDhqODNwTml1Zk9rN2U1T0ZKVU1reVRTVE8iLCJhZ2UiOjIyLCJjYXJ0Ijp7Il9pZCI6ImNlOGExMmY0LWY4ZjYtNDA1NS1iNTkzLWY2OWRiZDZjOGU4ZCIsInByb2R1Y3RzIjpbXX0sImRvY3VtZW50cyI6W3sibmFtZSI6InVua25vdyBuYW1lIiwicmVmZXJlbmNlIjoidW5rbm93IGxpbmsifV0sImxhc3RfY29ubmVjdGlvbiI6IlR1ZSBBcHIgMjMgMjAyNCAwODoyNDowMiBHTVQtMDMwMCAoaG9yYSBlc3TDoW5kYXIgZGUgQXJnZW50aW5hKSIsInJvbCI6ImFkbWluIiwiaWF0IjoxNzEzODcxNDQyLCJleHAiOjE3MTM5NTc4NDJ9.NU0O9KO4UIlZndQYAGAV8rtKtXa7dITXFiEe3-KSxwY"}}
{"level":"info","message":"DB conectada"}
{"level":"info","message":{"_id":"8762078a-5669-4009-b8b7-fd2e4aac0d74","age":22,"cart":{"_id":"ce8a12f4-f8f6-4055-b593-f69dbd6c8e8d","products":[]},"documents":[{"name":"unknow name","reference":"unknow link"}],"email":"admin@coder.com","first_name":"Administrador","last_connection":"Tue Apr 23 2024 08:24:50 GMT-0300 (hora estándar de Argentina)","last_name":"","password":"$2b$10$wC8e9IdeiF4g1CN5ha8u/eXHh9/p8j83pNiufOk7e5OFJUMkyTSTO","rol":"admin","token":"eyJhbGciOiJIUzI1NiIsInR5cCI6IkpXVCJ9.eyJfaWQiOiI4NzYyMDc4YS01NjY5LTQwMDktYjhiNy1mZDJlNGFhYzBkNzQiLCJlbWFpbCI6ImFkbWluQGNvZGVyLmNvbSIsImZpcnN0X25hbWUiOiJBZG1pbmlzdHJhZG9yIiwibGFzdF9uYW1lIjoiIiwicGFzc3dvcmQiOiIkMmIkMTAkd0M4ZTlJZGVpRjRnMUNONWhhOHUvZVhIaDkvcDhqODNwTml1Zk9rN2U1T0ZKVU1reVRTVE8iLCJhZ2UiOjIyLCJjYXJ0Ijp7Il9pZCI6ImNlOGExMmY0LWY4ZjYtNDA1NS1iNTkzLWY2OWRiZDZjOGU4ZCIsInByb2R1Y3RzIjpbXX0sImRvY3VtZW50cyI6W3sibmFtZSI6InVua25vdyBuYW1lIiwicmVmZXJlbmNlIjoidW5rbm93IGxpbmsifV0sImxhc3RfY29ubmVjdGlvbiI6IlR1ZSBBcHIgMjMgMjAyNCAwODoyNDo1MCBHTVQtMDMwMCAoaG9yYSBlc3TDoW5kYXIgZGUgQXJnZW50aW5hKSIsInJvbCI6ImFkbWluIiwiaWF0IjoxNzEzODcxNDkxLCJleHAiOjE3MTM5NTc4OTF9._Q-CXsRobV0lhThozHBFiZi4Myn_rQchldbHvy88608"}}
{"level":"info","message":"DB conectada"}
{"level":"info","message":"DB conectada"}
{"level":"info","message":"DB conectada"}
{"level":"info","message":"DB conectada"}
{"level":"info","message":"DB conectada"}
{"level":"error","message":"MONGODB_CNX_STR is not defined"}
{"level":"info","message":"DB conectada"}
{"level":"info","message":"DB conectada"}
{"level":"info","message":"DB conectada"}
{"level":"info","message":"DB conectada"}
{"level":"info","message":"DB conectada"}
{"level":"info","message":{"_id":"8762078a-5669-4009-b8b7-fd2e4aac0d74","age":22,"cart":{"_id":"ce8a12f4-f8f6-4055-b593-f69dbd6c8e8d","products":[]},"documents":[{"name":"unknow name","reference":"unknow link"}],"email":"admin@coder.com","first_name":"Administrador","last_connection":"Tue Apr 23 2024 08:24:50 GMT-0300 (hora estándar de Argentina)","last_name":"","password":"$2b$10$wC8e9IdeiF4g1CN5ha8u/eXHh9/p8j83pNiufOk7e5OFJUMkyTSTO","rol":"admin","token":"eyJhbGciOiJIUzI1NiIsInR5cCI6IkpXVCJ9.eyJfaWQiOiI4NzYyMDc4YS01NjY5LTQwMDktYjhiNy1mZDJlNGFhYzBkNzQiLCJlbWFpbCI6ImFkbWluQGNvZGVyLmNvbSIsImZpcnN0X25hbWUiOiJBZG1pbmlzdHJhZG9yIiwibGFzdF9uYW1lIjoiIiwicGFzc3dvcmQiOiIkMmIkMTAkd0M4ZTlJZGVpRjRnMUNONWhhOHUvZVhIaDkvcDhqODNwTml1Zk9rN2U1T0ZKVU1reVRTVE8iLCJhZ2UiOjIyLCJjYXJ0Ijp7Il9pZCI6ImNlOGExMmY0LWY4ZjYtNDA1NS1iNTkzLWY2OWRiZDZjOGU4ZCIsInByb2R1Y3RzIjpbXX0sImRvY3VtZW50cyI6W3sibmFtZSI6InVua25vdyBuYW1lIiwicmVmZXJlbmNlIjoidW5rbm93IGxpbmsifV0sImxhc3RfY29ubmVjdGlvbiI6IlR1ZSBBcHIgMjMgMjAyNCAwODoyNDo1MCBHTVQtMDMwMCAoaG9yYSBlc3TDoW5kYXIgZGUgQXJnZW50aW5hKSIsInJvbCI6ImFkbWluIiwiaWF0IjoxNzEzOTA1NjI2LCJleHAiOjE3MTM5OTIwMjZ9.o0RsbKlBbvNjXjQbSz0w-9OzYUJog5BBykKctZXlcbM"}}
{"level":"info","message":"DB conectada"}
{"level":"info","message":{"_id":"8762078a-5669-4009-b8b7-fd2e4aac0d74","age":22,"cart":{"_id":"ce8a12f4-f8f6-4055-b593-f69dbd6c8e8d","products":[]},"documents":[{"name":"unknow name","reference":"unknow link"}],"email":"admin@coder.com","first_name":"Administrador","last_connection":"Tue Apr 23 2024 17:53:56 GMT-0300 (hora estándar de Argentina)","last_name":"","password":"$2b$10$wC8e9IdeiF4g1CN5ha8u/eXHh9/p8j83pNiufOk7e5OFJUMkyTSTO","rol":"admin","token":"eyJhbGciOiJIUzI1NiIsInR5cCI6IkpXVCJ9.eyJfaWQiOiI4NzYyMDc4YS01NjY5LTQwMDktYjhiNy1mZDJlNGFhYzBkNzQiLCJlbWFpbCI6ImFkbWluQGNvZGVyLmNvbSIsImZpcnN0X25hbWUiOiJBZG1pbmlzdHJhZG9yIiwibGFzdF9uYW1lIjoiIiwicGFzc3dvcmQiOiIkMmIkMTAkd0M4ZTlJZGVpRjRnMUNONWhhOHUvZVhIaDkvcDhqODNwTml1Zk9rN2U1T0ZKVU1reVRTVE8iLCJhZ2UiOjIyLCJjYXJ0Ijp7Il9pZCI6ImNlOGExMmY0LWY4ZjYtNDA1NS1iNTkzLWY2OWRiZDZjOGU4ZCIsInByb2R1Y3RzIjpbXX0sImRvY3VtZW50cyI6W3sibmFtZSI6InVua25vdyBuYW1lIiwicmVmZXJlbmNlIjoidW5rbm93IGxpbmsifV0sImxhc3RfY29ubmVjdGlvbiI6IlR1ZSBBcHIgMjMgMjAyNCAxNzo1Mzo1NiBHTVQtMDMwMCAoaG9yYSBlc3TDoW5kYXIgZGUgQXJnZW50aW5hKSIsInJvbCI6ImFkbWluIiwiaWF0IjoxNzEzOTEwMTkzLCJleHAiOjE3MTM5OTY1OTN9.hCvcWOz97EjT7C-WuFIwhYGV2CQXkdacT9-nJPsergs"}}
{"level":"info","message":{"_id":"fd56e60b-8c10-4f02-b4a3-6682a2a45cab","age":22,"cart":{"_id":"4259784b-56d0-4fff-9057-4c8566a57768","products":[]},"documents":[{"name":"unknow name","reference":"unknow link"}],"email":"santidure2002@gmail.com","first_name":"Santiago","last_connection":"Mon Apr 22 2024 17:35:15 GMT-0300 (hora estándar de Argentina)","last_name":"Duré","password":"$2b$10$gvf.yTiaF99Yty.UqVQBreXGnpv2lFH/BqvhbHOP.mQujaLxpgZ02","rol":"premium","token":"eyJhbGciOiJIUzI1NiIsInR5cCI6IkpXVCJ9.eyJfaWQiOiJmZDU2ZTYwYi04YzEwLTRmMDItYjRhMy02NjgyYTJhNDVjYWIiLCJlbWFpbCI6InNhbnRpZHVyZTIwMDJAZ21haWwuY29tIiwiZmlyc3RfbmFtZSI6IlNhbnRpYWdvIiwibGFzdF9uYW1lIjoiRHVyw6kiLCJwYXNzd29yZCI6IiQyYiQxMCRndmYueVRpYUY5OVl0eS5VcVZRQnJlWEducHYybEZIL0JxdmhiSE9QLm1RdWphTHhwZ1owMiIsImFnZSI6MjIsImNhcnQiOnsiX2lkIjoiNDI1OTc4NGItNTZkMC00ZmZmLTkwNTctNGM4NTY2YTU3NzY4IiwicHJvZHVjdHMiOltdfSwiZG9jdW1lbnRzIjpbeyJuYW1lIjoidW5rbm93IG5hbWUiLCJyZWZlcmVuY2UiOiJ1bmtub3cgbGluayJ9XSwibGFzdF9jb25uZWN0aW9uIjoiTW9uIEFwciAyMiAyMDI0IDE3OjM1OjE1IEdNVC0wMzAwIChob3JhIGVzdMOhbmRhciBkZSBBcmdlbnRpbmEpIiwicm9sIjoicHJlbWl1bSIsImlhdCI6MTcxMzkxMDIwNSwiZXhwIjoxNzEzOTk2NjA1fQ.ok3dyBIR_UTBPdc3tZIR6VIbiaUs-kXkVkDB-hDW9TI"}}
{"level":"info","message":{"_id":"8762078a-5669-4009-b8b7-fd2e4aac0d74","age":22,"cart":{"_id":"ce8a12f4-f8f6-4055-b593-f69dbd6c8e8d","products":[]},"documents":[{"name":"unknow name","reference":"unknow link"}],"email":"admin@coder.com","first_name":"Administrador","last_connection":"Tue Apr 23 2024 19:09:58 GMT-0300 (hora estándar de Argentina)","last_name":"","password":"$2b$10$wC8e9IdeiF4g1CN5ha8u/eXHh9/p8j83pNiufOk7e5OFJUMkyTSTO","rol":"admin","token":"eyJhbGciOiJIUzI1NiIsInR5cCI6IkpXVCJ9.eyJfaWQiOiI4NzYyMDc4YS01NjY5LTQwMDktYjhiNy1mZDJlNGFhYzBkNzQiLCJlbWFpbCI6ImFkbWluQGNvZGVyLmNvbSIsImZpcnN0X25hbWUiOiJBZG1pbmlzdHJhZG9yIiwibGFzdF9uYW1lIjoiIiwicGFzc3dvcmQiOiIkMmIkMTAkd0M4ZTlJZGVpRjRnMUNONWhhOHUvZVhIaDkvcDhqODNwTml1Zk9rN2U1T0ZKVU1reVRTVE8iLCJhZ2UiOjIyLCJjYXJ0Ijp7Il9pZCI6ImNlOGExMmY0LWY4ZjYtNDA1NS1iNTkzLWY2OWRiZDZjOGU4ZCIsInByb2R1Y3RzIjpbXX0sImRvY3VtZW50cyI6W3sibmFtZSI6InVua25vdyBuYW1lIiwicmVmZXJlbmNlIjoidW5rbm93IGxpbmsifV0sImxhc3RfY29ubmVjdGlvbiI6IlR1ZSBBcHIgMjMgMjAyNCAxOTowOTo1OCBHTVQtMDMwMCAoaG9yYSBlc3TDoW5kYXIgZGUgQXJnZW50aW5hKSIsInJvbCI6ImFkbWluIiwiaWF0IjoxNzEzOTEwNTQ0LCJleHAiOjE3MTM5OTY5NDR9.XJXd2UKcY_4aZY9rRtys1Ju0AB9WGLm7TLOIyzs13WQ"}}
{"level":"info","message":"DB conectada"}
{"level":"info","message":"DB conectada"}
{"level":"info","message":"DB conectada"}
{"level":"info","message":"DB conectada"}
{"level":"info","message":{"_id":"e1b5ff49-aa20-4afc-bd17-0efc3e7f9c93","age":2,"cart":{"_id":"2e698819-a9a5-4cc2-a899-1b56e330411f","products":[]},"documents":[{"name":"unknow name","reference":"unknow link"}],"email":"socket@gmail.com","first_name":"a","last_connection":"Tue Apr 23 2024 08:23:56 GMT-0300 (hora estándar de Argentina)","last_name":"a","password":"$2b$10$1STnBAE6WvS0F6nlYT/Kzeil3zPqFlyu8RmhEDbXrpMYhudcm2LSK","rol":"user","token":"eyJhbGciOiJIUzI1NiIsInR5cCI6IkpXVCJ9.eyJfaWQiOiJlMWI1ZmY0OS1hYTIwLTRhZmMtYmQxNy0wZWZjM2U3ZjljOTMiLCJlbWFpbCI6InNvY2tldEBnbWFpbC5jb20iLCJmaXJzdF9uYW1lIjoiYSIsImxhc3RfbmFtZSI6ImEiLCJwYXNzd29yZCI6IiQyYiQxMCQxU1RuQkFFNld2UzBGNm5sWVQvS3plaWwzelBxRmx5dThSbWhFRGJYcnBNWWh1ZGNtMkxTSyIsImFnZSI6MiwiY2FydCI6eyJfaWQiOiIyZTY5ODgxOS1hOWE1LTRjYzItYTg5OS0xYjU2ZTMzMDQxMWYiLCJwcm9kdWN0cyI6W119LCJkb2N1bWVudHMiOlt7Im5hbWUiOiJ1bmtub3cgbmFtZSIsInJlZmVyZW5jZSI6InVua25vdyBsaW5rIn1dLCJsYXN0X2Nvbm5lY3Rpb24iOiJUdWUgQXByIDIzIDIwMjQgMDg6MjM6NTYgR01ULTAzMDAgKGhvcmEgZXN0w6FuZGFyIGRlIEFyZ2VudGluYSkiLCJyb2wiOiJ1c2VyIiwiaWF0IjoxNzEzOTExNDU1LCJleHAiOjE3MTM5OTc4NTV9.kRtKpWY5cyVp20scnBX7xpKrUgiX0SgWaOIGEk-O-dM"}}
{"level":"info","message":"DB conectada"}
{"level":"info","message":{"_id":"e1b5ff49-aa20-4afc-bd17-0efc3e7f9c93","age":2,"cart":{"_id":"2e698819-a9a5-4cc2-a899-1b56e330411f","products":[]},"documents":[{"name":"unknow name","reference":"unknow link"}],"email":"socket@gmail.com","first_name":"a","last_connection":"Tue Apr 23 2024 08:23:56 GMT-0300 (hora estándar de Argentina)","last_name":"a","password":"$2b$10$1STnBAE6WvS0F6nlYT/Kzeil3zPqFlyu8RmhEDbXrpMYhudcm2LSK","rol":"user","token":"eyJhbGciOiJIUzI1NiIsInR5cCI6IkpXVCJ9.eyJfaWQiOiJlMWI1ZmY0OS1hYTIwLTRhZmMtYmQxNy0wZWZjM2U3ZjljOTMiLCJlbWFpbCI6InNvY2tldEBnbWFpbC5jb20iLCJmaXJzdF9uYW1lIjoiYSIsImxhc3RfbmFtZSI6ImEiLCJwYXNzd29yZCI6IiQyYiQxMCQxU1RuQkFFNld2UzBGNm5sWVQvS3plaWwzelBxRmx5dThSbWhFRGJYcnBNWWh1ZGNtMkxTSyIsImFnZSI6MiwiY2FydCI6eyJfaWQiOiIyZTY5ODgxOS1hOWE1LTRjYzItYTg5OS0xYjU2ZTMzMDQxMWYiLCJwcm9kdWN0cyI6W119LCJkb2N1bWVudHMiOlt7Im5hbWUiOiJ1bmtub3cgbmFtZSIsInJlZmVyZW5jZSI6InVua25vdyBsaW5rIn1dLCJsYXN0X2Nvbm5lY3Rpb24iOiJUdWUgQXByIDIzIDIwMjQgMDg6MjM6NTYgR01ULTAzMDAgKGhvcmEgZXN0w6FuZGFyIGRlIEFyZ2VudGluYSkiLCJyb2wiOiJ1c2VyIiwiaWF0IjoxNzEzOTExNjM2LCJleHAiOjE3MTM5OTgwMzZ9.mmACJU7XMGAY8Jf-DaB8tY5-Gqec0yLhg8Shdsxo_nk"}}
{"level":"info","message":"DB conectada"}
{"level":"info","message":{"_id":"fd56e60b-8c10-4f02-b4a3-6682a2a45cab","age":22,"cart":{"_id":"4259784b-56d0-4fff-9057-4c8566a57768","products":[]},"documents":[{"name":"unknow name","reference":"unknow link"}],"email":"santidure2002@gmail.com","first_name":"Santiago","last_connection":"Tue Apr 23 2024 19:15:40 GMT-0300 (hora estándar de Argentina)","last_name":"Duré","password":"$2b$10$gvf.yTiaF99Yty.UqVQBreXGnpv2lFH/BqvhbHOP.mQujaLxpgZ02","rol":"premium","token":"eyJhbGciOiJIUzI1NiIsInR5cCI6IkpXVCJ9.eyJfaWQiOiJmZDU2ZTYwYi04YzEwLTRmMDItYjRhMy02NjgyYTJhNDVjYWIiLCJlbWFpbCI6InNhbnRpZHVyZTIwMDJAZ21haWwuY29tIiwiZmlyc3RfbmFtZSI6IlNhbnRpYWdvIiwibGFzdF9uYW1lIjoiRHVyw6kiLCJwYXNzd29yZCI6IiQyYiQxMCRndmYueVRpYUY5OVl0eS5VcVZRQnJlWEducHYybEZIL0JxdmhiSE9QLm1RdWphTHhwZ1owMiIsImFnZSI6MjIsImNhcnQiOnsiX2lkIjoiNDI1OTc4NGItNTZkMC00ZmZmLTkwNTctNGM4NTY2YTU3NzY4IiwicHJvZHVjdHMiOltdfSwiZG9jdW1lbnRzIjpbeyJuYW1lIjoidW5rbm93IG5hbWUiLCJyZWZlcmVuY2UiOiJ1bmtub3cgbGluayJ9XSwibGFzdF9jb25uZWN0aW9uIjoiVHVlIEFwciAyMyAyMDI0IDE5OjE1OjQwIEdNVC0wMzAwIChob3JhIGVzdMOhbmRhciBkZSBBcmdlbnRpbmEpIiwicm9sIjoicHJlbWl1bSIsImlhdCI6MTcxMzkxMTc4NSwiZXhwIjoxNzEzOTk4MTg1fQ.gKczAA9lQrm6UMuYNiBgdf8dVnI_gB-tYrg1K6Uzin0"}}
{"level":"info","message":"DB conectada"}
{"level":"info","message":"DB conectada"}
{"level":"info","message":"EdIEFXKCXscY3w5iAAAB"}
{"level":"info","message":"EdIEFXKCXscY3w5iAAAB se fue"}
{"level":"info","message":{"_id":"e1b5ff49-aa20-4afc-bd17-0efc3e7f9c93","age":2,"cart":{"_id":"2e698819-a9a5-4cc2-a899-1b56e330411f","products":[]},"documents":[{"name":"unknow name","reference":"unknow link"}],"email":"socket@gmail.com","first_name":"a","last_connection":"Tue Apr 23 2024 19:36:18 GMT-0300 (hora estándar de Argentina)","last_name":"a","password":"$2b$10$1STnBAE6WvS0F6nlYT/Kzeil3zPqFlyu8RmhEDbXrpMYhudcm2LSK","rol":"user","token":"eyJhbGciOiJIUzI1NiIsInR5cCI6IkpXVCJ9.eyJfaWQiOiJlMWI1ZmY0OS1hYTIwLTRhZmMtYmQxNy0wZWZjM2U3ZjljOTMiLCJlbWFpbCI6InNvY2tldEBnbWFpbC5jb20iLCJmaXJzdF9uYW1lIjoiYSIsImxhc3RfbmFtZSI6ImEiLCJwYXNzd29yZCI6IiQyYiQxMCQxU1RuQkFFNld2UzBGNm5sWVQvS3plaWwzelBxRmx5dThSbWhFRGJYcnBNWWh1ZGNtMkxTSyIsImFnZSI6MiwiY2FydCI6eyJfaWQiOiIyZTY5ODgxOS1hOWE1LTRjYzItYTg5OS0xYjU2ZTMzMDQxMWYiLCJwcm9kdWN0cyI6W119LCJkb2N1bWVudHMiOlt7Im5hbWUiOiJ1bmtub3cgbmFtZSIsInJlZmVyZW5jZSI6InVua25vdyBsaW5rIn1dLCJsYXN0X2Nvbm5lY3Rpb24iOiJUdWUgQXByIDIzIDIwMjQgMTk6MzY6MTggR01ULTAzMDAgKGhvcmEgZXN0w6FuZGFyIGRlIEFyZ2VudGluYSkiLCJyb2wiOiJ1c2VyIiwiaWF0IjoxNzEzOTEyMzQwLCJleHAiOjE3MTM5OTg3NDB9.9-0wioJ09-87ZrzuCwAo1bjV3vQLZxdsdYLiddWoxfI"}}
{"level":"info","message":"kFOlTFak-M0vfcm2AAAD"}
{"level":"info","message":"DB conectada"}
{"level":"info","message":"DB conectada"}
{"level":"info","message":{"_id":"8762078a-5669-4009-b8b7-fd2e4aac0d74","age":22,"cart":{"_id":"ce8a12f4-f8f6-4055-b593-f69dbd6c8e8d","products":[]},"documents":[{"name":"unknow name","reference":"unknow link"}],"email":"admin@coder.com","first_name":"Administrador","last_connection":"Tue Apr 23 2024 19:09:58 GMT-0300 (hora estándar de Argentina)","last_name":"","password":"$2b$10$wC8e9IdeiF4g1CN5ha8u/eXHh9/p8j83pNiufOk7e5OFJUMkyTSTO","rol":"admin","token":"eyJhbGciOiJIUzI1NiIsInR5cCI6IkpXVCJ9.eyJfaWQiOiI4NzYyMDc4YS01NjY5LTQwMDktYjhiNy1mZDJlNGFhYzBkNzQiLCJlbWFpbCI6ImFkbWluQGNvZGVyLmNvbSIsImZpcnN0X25hbWUiOiJBZG1pbmlzdHJhZG9yIiwibGFzdF9uYW1lIjoiIiwicGFzc3dvcmQiOiIkMmIkMTAkd0M4ZTlJZGVpRjRnMUNONWhhOHUvZVhIaDkvcDhqODNwTml1Zk9rN2U1T0ZKVU1reVRTVE8iLCJhZ2UiOjIyLCJjYXJ0Ijp7Il9pZCI6ImNlOGExMmY0LWY4ZjYtNDA1NS1iNTkzLWY2OWRiZDZjOGU4ZCIsInByb2R1Y3RzIjpbXX0sImRvY3VtZW50cyI6W3sibmFtZSI6InVua25vdyBuYW1lIiwicmVmZXJlbmNlIjoidW5rbm93IGxpbmsifV0sImxhc3RfY29ubmVjdGlvbiI6IlR1ZSBBcHIgMjMgMjAyNCAxOTowOTo1OCBHTVQtMDMwMCAoaG9yYSBlc3TDoW5kYXIgZGUgQXJnZW50aW5hKSIsInJvbCI6ImFkbWluIiwiaWF0IjoxNzEzOTEzMDk1LCJleHAiOjE3MTM5OTk0OTV9.KiJGoUJX1Sbv5M_TaC-ph-bGbjKdcqC5lIJE8e-L6h8"}}
{"level":"info","message":{"_id":"9b460f06-590a-4983-9dc6-1674c8f45158","age":1,"cart":{},"documents":[{"name":"unknow name","reference":"unknow link"}],"email":"santidure2002+prueba@gmail.com","first_name":"prueba1","last_name":"prueba1","password":"$2b$10$1tlTy6e2XL3sVC3kQGGw0OGj137niN5Y2Y/C5Nim3T/rgV8doDyWS","rol":"user","token":"eyJhbGciOiJIUzI1NiIsInR5cCI6IkpXVCJ9.eyJfaWQiOiI5YjQ2MGYwNi01OTBhLTQ5ODMtOWRjNi0xNjc0YzhmNDUxNTgiLCJlbWFpbCI6InNhbnRpZHVyZTIwMDIrcHJ1ZWJhQGdtYWlsLmNvbSIsImZpcnN0X25hbWUiOiJwcnVlYmExIiwibGFzdF9uYW1lIjoicHJ1ZWJhMSIsInBhc3N3b3JkIjoiJDJiJDEwJDF0bFR5NmUyWEwzc1ZDM2tRR0d3ME9HajEzN25pTjVZMlkvQzVOaW0zVC9yZ1Y4ZG9EeVdTIiwiYWdlIjoxLCJjYXJ0Ijp7fSwiZG9jdW1lbnRzIjpbeyJuYW1lIjoidW5rbm93IG5hbWUiLCJyZWZlcmVuY2UiOiJ1bmtub3cgbGluayJ9XSwicm9sIjoidXNlciIsImlhdCI6MTcxMzkxMzI4OSwiZXhwIjoxNzEzOTk5Njg5fQ.oDgfm_raV8kuXL3HBwNznfaxI3IIkLdWOQNUs549Zl4"}}
{"level":"info","message":{"_id":"9b460f06-590a-4983-9dc6-1674c8f45158","age":1,"cart":{},"documents":[{"name":"unknow name","reference":"unknow link"}],"email":"santidure2002+prueba@gmail.com","exp":1713999689,"first_name":"prueba1","iat":1713913289,"last_name":"prueba1","password":"$2b$10$1tlTy6e2XL3sVC3kQGGw0OGj137niN5Y2Y/C5Nim3T/rgV8doDyWS","rol":"user"}}
{"level":"info","message":{"_id":"9b460f06-590a-4983-9dc6-1674c8f45158","age":1,"cart":{},"documents":[{"name":"unknow name","reference":"unknow link"}],"email":"santidure2002+prueba@gmail.com","first_name":"prueba1","last_name":"prueba1","password":"$2b$10$CgA1gMjMeCzDjGXe441ztuqZQyuwbkj6ht9HEmgIjYmKo.t6o/2K2","rol":"user","token":"eyJhbGciOiJIUzI1NiIsInR5cCI6IkpXVCJ9.eyJfaWQiOiI5YjQ2MGYwNi01OTBhLTQ5ODMtOWRjNi0xNjc0YzhmNDUxNTgiLCJlbWFpbCI6InNhbnRpZHVyZTIwMDIrcHJ1ZWJhQGdtYWlsLmNvbSIsImZpcnN0X25hbWUiOiJwcnVlYmExIiwibGFzdF9uYW1lIjoicHJ1ZWJhMSIsInBhc3N3b3JkIjoiJDJiJDEwJENnQTFnTWpNZUN6RGpHWGU0NDF6dHVxWlF5dXdia2o2aHQ5SEVtZ0lqWW1Lby50Nm8vMksyIiwiYWdlIjoxLCJjYXJ0Ijp7fSwiZG9jdW1lbnRzIjpbeyJuYW1lIjoidW5rbm93IG5hbWUiLCJyZWZlcmVuY2UiOiJ1bmtub3cgbGluayJ9XSwicm9sIjoidXNlciIsImlhdCI6MTcxMzkxMzM1OSwiZXhwIjoxNzEzOTk5NzU5fQ.Tz6tLCGkn4GXw-HtHnL7ctxAKuV8CZ8HYZHrzBzxXeU"}}
